<html>
<head>
<title>TestNG:  配置管理_数据字典管理_系统代码管理</title>
<link href="../testng.css" rel="stylesheet" type="text/css" />
<link href="../my-testng.css" rel="stylesheet" type="text/css" />

<style type="text/css">
.log { display: none;} 
.stack-trace { display: none;} 
</style>
<script type="text/javascript">
<!--
function flip(e) {
  current = e.style.display;
  if (current == 'block') {
    e.style.display = 'none';
    return 0;
  }
  else {
    e.style.display = 'block';
    return 1;
  }
}

function toggleBox(szDivId, elem, msg1, msg2)
{
  var res = -1;  if (document.getElementById) {
    res = flip(document.getElementById(szDivId));
  }
  else if (document.all) {
    // this is the way old msie versions work
    res = flip(document.all[szDivId]);
  }
  if(elem) {
    if(res == 0) elem.innerHTML = msg1; else elem.innerHTML = msg2;
  }

}

function toggleAllBoxes() {
  if (document.getElementsByTagName) {
    d = document.getElementsByTagName('div');
    for (i = 0; i < d.length; i++) {
      if (d[i].className == 'log') {
        flip(d[i]);
      }
    }
  }
}

// -->
</script>

</head>
<body>
<h2 align='center'>配置管理_数据字典管理_系统代码管理</h2><table border='1' align="center">
<tr>
<td>Tests passed/Failed/Skipped:</td><td>0/11/0</td>
</tr><tr>
<td>Started on:</td><td>Mon Mar 28 20:40:54 CST 2016</td>
</tr>
<tr><td>Total time:</td><td>127 seconds (127520 ms)</td>
</tr><tr>
<td>Included groups:</td><td></td>
</tr><tr>
<td>Excluded groups:</td><td></td>
</tr>
</table><p/>
<small><i>(Hover the method name to see the test class name)</i></small><p/>
<table width='100%' border='1' class='invocation-failed'>
<tr><td colspan='4' align='center'><b>FAILED TESTS</b></td></tr>
<tr><td><b>Test method</b></td>
<td width="30%"><b>Exception</b></td>
<td width="10%"><b>Time (seconds)</b></td>
<td><b>Instance</b></td>
</tr>
<tr>
<td title='com.auto.cases.configmanagement.Configmanagement_Systemcode_test.add()'><b>add</b><br>Test class: com.auto.cases.configmanagement.Configmanagement_Systemcode_test<br>Parameters: {父代码值=132, 代码值=TOCC121, flag=2, 编码标准=, 代码类别=java, 变更通知=12394, 代码类别名=, 添加名称=, 预期结果=必填字段, 备注=系统测试}<br/>
<a href="#Output-427627555" onClick='toggleBox("Output-427627555", this, "Show output", "Hide output");'>Show output</a>

<a href="#Output-427627555" onClick="toggleAllBoxes();">Show all outputs</a>
<div class='log' id="Output-427627555">
[2016_03_28_20_42_02_add] ,截图失败，原因：null<br/>
<img src="../../[2016_03_28_20_42_02_add] ,截图失败，原因：null"/><br/>
</div>
</td>
<td><div><pre>java.lang.AssertionError: Failed to click element [null]
	at com.util.SeleniumUtil.click(SeleniumUtil.java:154)
	at com.auto.business.configmanagement.Systemcodebusiness.add(Systemcodebusiness.java:42)
	at com.auto.cases.configmanagement.Configmanagement_Systemcode_test.add(Configmanagement_Systemcode_test.java:40)
	at java.util.concurrent.FutureTask$Sync.innerRun(FutureTask.java:334)
	at java.util.concurrent.FutureTask.run(FutureTask.java:166)
	at java.util.concurrent.ThreadPoolExecutor.runWorker(ThreadPoolExecutor.java:1145)
	at java.util.concurrent.ThreadPoolExecutor$Worker.run(ThreadPoolExecutor.java:615)
	at java.lang.Thread.run(Thread.java:722)
Caused by: java.lang.Exception: java.lang.NullPointerException
	at com.util.SeleniumUtil.clickTheClickable(SeleniumUtil.java:167)
	at com.util.SeleniumUtil.clickTheClickable(SeleniumUtil.java:171)
	at com.util.SeleniumUtil.clickTheClickable(SeleniumUtil.java:171)
	at com.util.SeleniumUtil.clickTheClickable(SeleniumUtil.java:171)
	at com.util.SeleniumUtil.click(SeleniumUtil.java:148)
	... 23 more
Caused by: java.lang.NullPointerException
	at com.util.SeleniumUtil.clickTheClickable(SeleniumUtil.java:163)
	... 27 more
... Removed 17 stack frames</pre></div><a href='#' onClick='toggleBox("stack-trace427627555", this, "Click to show all stack frames", "Click to hide stack frames")'>Click to show all stack frames</a>
<div class='stack-trace' id='stack-trace427627555'><pre>java.lang.AssertionError: Failed to click element [null]
	at org.testng.Assert.fail(Assert.java:83)
	at com.util.SeleniumUtil.click(SeleniumUtil.java:154)
	at com.auto.business.configmanagement.Systemcodebusiness.add(Systemcodebusiness.java:42)
	at com.auto.cases.configmanagement.Configmanagement_Systemcode_test.add(Configmanagement_Systemcode_test.java:40)
	at sun.reflect.NativeMethodAccessorImpl.invoke0(Native Method)
	at sun.reflect.NativeMethodAccessorImpl.invoke(NativeMethodAccessorImpl.java:57)
	at sun.reflect.DelegatingMethodAccessorImpl.invoke(DelegatingMethodAccessorImpl.java:43)
	at java.lang.reflect.Method.invoke(Method.java:601)
	at org.testng.internal.MethodInvocationHelper.invokeMethod(MethodInvocationHelper.java:86)
	at org.testng.internal.Invoker.invokeMethod(Invoker.java:645)
	at org.testng.internal.Invoker.invokeTestMethod(Invoker.java:822)
	at org.testng.internal.Invoker.invokeTestMethods(Invoker.java:1130)
	at org.testng.internal.TestMethodWorker.invokeTestMethods(TestMethodWorker.java:129)
	at org.testng.internal.TestMethodWorker.run(TestMethodWorker.java:112)
	at org.testng.TestRunner.privateRun(TestRunner.java:782)
	at org.testng.TestRunner.run(TestRunner.java:632)
	at org.testng.SuiteRunner.runTest(SuiteRunner.java:366)
	at org.testng.SuiteRunner.access$000(SuiteRunner.java:39)
	at org.testng.SuiteRunner$SuiteWorker.run(SuiteRunner.java:400)
	at org.testng.internal.thread.ThreadUtil$2.call(ThreadUtil.java:64)
	at java.util.concurrent.FutureTask$Sync.innerRun(FutureTask.java:334)
	at java.util.concurrent.FutureTask.run(FutureTask.java:166)
	at java.util.concurrent.ThreadPoolExecutor.runWorker(ThreadPoolExecutor.java:1145)
	at java.util.concurrent.ThreadPoolExecutor$Worker.run(ThreadPoolExecutor.java:615)
	at java.lang.Thread.run(Thread.java:722)
Caused by: java.lang.Exception: java.lang.NullPointerException
	at com.util.SeleniumUtil.clickTheClickable(SeleniumUtil.java:167)
	at com.util.SeleniumUtil.clickTheClickable(SeleniumUtil.java:171)
	at com.util.SeleniumUtil.clickTheClickable(SeleniumUtil.java:171)
	at com.util.SeleniumUtil.clickTheClickable(SeleniumUtil.java:171)
	at com.util.SeleniumUtil.click(SeleniumUtil.java:148)
	... 23 more
Caused by: java.lang.NullPointerException
	at com.util.SeleniumUtil.clickTheClickable(SeleniumUtil.java:163)
	... 27 more
</pre></div></td>
<td>53</td>
<td>com.auto.cases.configmanagement.Configmanagement_Systemcode_test@16176786</td></tr>
<tr>
<td title='com.auto.cases.configmanagement.Configmanagement_Systemcode_test.add()'><b>add</b><br>Test class: com.auto.cases.configmanagement.Configmanagement_Systemcode_test<br>Parameters: {父代码值=132, 代码值=, flag=2, 编码标准=, 代码类别=python, 变更通知=12394, 代码类别名=, 添加名称=北大前方科技, 预期结果=必填字段, 备注=系统测试}<br/>
<a href="#Output-2048850676" onClick='toggleBox("Output-2048850676", this, "Show output", "Hide output");'>Show output</a>

<a href="#Output-2048850676" onClick="toggleAllBoxes();">Show all outputs</a>
<div class='log' id="Output-2048850676">
[2016_03_28_20_42_41_add] ,截图失败，原因：null<br/>
<img src="../../[2016_03_28_20_42_41_add] ,截图失败，原因：null"/><br/>
</div>
</td>
<td><div><pre>java.lang.AssertionError: Failed to click element [null]
	at com.util.SeleniumUtil.click(SeleniumUtil.java:154)
	at com.auto.business.configmanagement.Systemcodebusiness.add(Systemcodebusiness.java:42)
	at com.auto.cases.configmanagement.Configmanagement_Systemcode_test.add(Configmanagement_Systemcode_test.java:40)
	at java.util.concurrent.FutureTask$Sync.innerRun(FutureTask.java:334)
	at java.util.concurrent.FutureTask.run(FutureTask.java:166)
	at java.util.concurrent.ThreadPoolExecutor.runWorker(ThreadPoolExecutor.java:1145)
	at java.util.concurrent.ThreadPoolExecutor$Worker.run(ThreadPoolExecutor.java:615)
	at java.lang.Thread.run(Thread.java:722)
Caused by: java.lang.Exception: java.lang.NullPointerException
	at com.util.SeleniumUtil.clickTheClickable(SeleniumUtil.java:167)
	at com.util.SeleniumUtil.clickTheClickable(SeleniumUtil.java:171)
	at com.util.SeleniumUtil.clickTheClickable(SeleniumUtil.java:171)
	at com.util.SeleniumUtil.clickTheClickable(SeleniumUtil.java:171)
	at com.util.SeleniumUtil.click(SeleniumUtil.java:148)
	... 23 more
Caused by: java.lang.NullPointerException
	at com.util.SeleniumUtil.clickTheClickable(SeleniumUtil.java:163)
	... 27 more
... Removed 17 stack frames</pre></div><a href='#' onClick='toggleBox("stack-trace2048850676", this, "Click to show all stack frames", "Click to hide stack frames")'>Click to show all stack frames</a>
<div class='stack-trace' id='stack-trace2048850676'><pre>java.lang.AssertionError: Failed to click element [null]
	at org.testng.Assert.fail(Assert.java:83)
	at com.util.SeleniumUtil.click(SeleniumUtil.java:154)
	at com.auto.business.configmanagement.Systemcodebusiness.add(Systemcodebusiness.java:42)
	at com.auto.cases.configmanagement.Configmanagement_Systemcode_test.add(Configmanagement_Systemcode_test.java:40)
	at sun.reflect.NativeMethodAccessorImpl.invoke0(Native Method)
	at sun.reflect.NativeMethodAccessorImpl.invoke(NativeMethodAccessorImpl.java:57)
	at sun.reflect.DelegatingMethodAccessorImpl.invoke(DelegatingMethodAccessorImpl.java:43)
	at java.lang.reflect.Method.invoke(Method.java:601)
	at org.testng.internal.MethodInvocationHelper.invokeMethod(MethodInvocationHelper.java:86)
	at org.testng.internal.Invoker.invokeMethod(Invoker.java:645)
	at org.testng.internal.Invoker.invokeTestMethod(Invoker.java:822)
	at org.testng.internal.Invoker.invokeTestMethods(Invoker.java:1130)
	at org.testng.internal.TestMethodWorker.invokeTestMethods(TestMethodWorker.java:129)
	at org.testng.internal.TestMethodWorker.run(TestMethodWorker.java:112)
	at org.testng.TestRunner.privateRun(TestRunner.java:782)
	at org.testng.TestRunner.run(TestRunner.java:632)
	at org.testng.SuiteRunner.runTest(SuiteRunner.java:366)
	at org.testng.SuiteRunner.access$000(SuiteRunner.java:39)
	at org.testng.SuiteRunner$SuiteWorker.run(SuiteRunner.java:400)
	at org.testng.internal.thread.ThreadUtil$2.call(ThreadUtil.java:64)
	at java.util.concurrent.FutureTask$Sync.innerRun(FutureTask.java:334)
	at java.util.concurrent.FutureTask.run(FutureTask.java:166)
	at java.util.concurrent.ThreadPoolExecutor.runWorker(ThreadPoolExecutor.java:1145)
	at java.util.concurrent.ThreadPoolExecutor$Worker.run(ThreadPoolExecutor.java:615)
	at java.lang.Thread.run(Thread.java:722)
Caused by: java.lang.Exception: java.lang.NullPointerException
	at com.util.SeleniumUtil.clickTheClickable(SeleniumUtil.java:167)
	at com.util.SeleniumUtil.clickTheClickable(SeleniumUtil.java:171)
	at com.util.SeleniumUtil.clickTheClickable(SeleniumUtil.java:171)
	at com.util.SeleniumUtil.clickTheClickable(SeleniumUtil.java:171)
	at com.util.SeleniumUtil.click(SeleniumUtil.java:148)
	... 23 more
Caused by: java.lang.NullPointerException
	at com.util.SeleniumUtil.clickTheClickable(SeleniumUtil.java:163)
	... 27 more
</pre></div></td>
<td>39</td>
<td>com.auto.cases.configmanagement.Configmanagement_Systemcode_test@16176786</td></tr>
<tr>
<td title='com.auto.cases.configmanagement.Configmanagement_Systemcode_test.add()'><b>add</b><br>Test class: com.auto.cases.configmanagement.Configmanagement_Systemcode_test<br>Parameters: {父代码值=132, 代码值=TOCC121, flag=1, 编码标准=, 代码类别=c#, 变更通知=12394, 代码类别名=, 添加名称=西藏, 预期结果=增加成功, 备注=系统测试}<br/>
<a href="#Output-53549868" onClick='toggleBox("Output-53549868", this, "Show output", "Hide output");'>Show output</a>

<a href="#Output-53549868" onClick="toggleAllBoxes();">Show all outputs</a>
<div class='log' id="Output-53549868">
[2016_03_28_20_42_43_add] ,截图失败，原因：null<br/>
<img src="../../[2016_03_28_20_42_43_add] ,截图失败，原因：null"/><br/>
</div>
</td>
<td><div><pre>org.openqa.selenium.WebDriverException: chrome not reachable
  (Session info: chrome=47.0.2526.106)
  (Driver info: chromedriver=2.13.307647 (5a7d0541ebc58e69994a6fb2ed930f45261f3c29),platform=Windows NT 6.1 SP1 x86_64) (WARNING: The server did not provide any stacktrace information)
Command duration or timeout: 2.01 seconds
Build info: version: &apos;2.44.0&apos;, revision: &apos;76d78cf323ce037c5f92db6c1bba601c2ac43ad8&apos;, time: &apos;2014-10-23 13:11:40&apos;
System info: host: &apos;Asen-PC&apos;, ip: &apos;192.168.1.118&apos;, os.name: &apos;Windows 7&apos;, os.arch: &apos;amd64&apos;, os.version: &apos;6.1&apos;, java.version: &apos;1.7.0_17&apos;
Session ID: 4b55e00a4f864b89efd331e75ffc7c45
Driver info: org.openqa.selenium.chrome.ChromeDriver
Capabilities [{platform=XP, acceptSslCerts=true, javascriptEnabled=true, browserName=chrome, chrome={userDataDir=C:\Users\Asen\AppData\Local\Temp\scoped_dir6580_1196}, rotatable=false, locationContextEnabled=true, mobileEmulationEnabled=false, version=47.0.2526.106, takesHeapSnapshot=true, cssSelectorsEnabled=true, databaseEnabled=false, handlesAlerts=true, browserConnectionEnabled=false, webStorageEnabled=true, nativeEvents=true, applicationCacheEnabled=false, takesScreenshot=true}]
	at org.openqa.selenium.remote.ErrorHandler.createThrowable(ErrorHandler.java:204)
	at org.openqa.selenium.remote.ErrorHandler.throwIfResponseFailed(ErrorHandler.java:156)
	at org.openqa.selenium.remote.RemoteWebDriver.execute(RemoteWebDriver.java:599)
	at org.openqa.selenium.remote.RemoteWebDriver$RemoteTargetLocator.defaultContent(RemoteWebDriver.java:889)
	at com.util.SeleniumUtil.outFrame(SeleniumUtil.java:416)
	at com.auto.business.configmanagement.Systemcodebusiness.add(Systemcodebusiness.java:41)
	at com.auto.cases.configmanagement.Configmanagement_Systemcode_test.add(Configmanagement_Systemcode_test.java:40)
	at java.util.concurrent.FutureTask$Sync.innerRun(FutureTask.java:334)
	at java.util.concurrent.FutureTask.run(FutureTask.java:166)
	at java.util.concurrent.ThreadPoolExecutor.runWorker(ThreadPoolExecutor.java:1145)
	at java.util.concurrent.ThreadPoolExecutor$Worker.run(ThreadPoolExecutor.java:615)
	at java.lang.Thread.run(Thread.java:722)
... Removed 20 stack frames</pre></div><a href='#' onClick='toggleBox("stack-trace53549868", this, "Click to show all stack frames", "Click to hide stack frames")'>Click to show all stack frames</a>
<div class='stack-trace' id='stack-trace53549868'><pre>org.openqa.selenium.WebDriverException: chrome not reachable
  (Session info: chrome=47.0.2526.106)
  (Driver info: chromedriver=2.13.307647 (5a7d0541ebc58e69994a6fb2ed930f45261f3c29),platform=Windows NT 6.1 SP1 x86_64) (WARNING: The server did not provide any stacktrace information)
Command duration or timeout: 2.01 seconds
Build info: version: &apos;2.44.0&apos;, revision: &apos;76d78cf323ce037c5f92db6c1bba601c2ac43ad8&apos;, time: &apos;2014-10-23 13:11:40&apos;
System info: host: &apos;Asen-PC&apos;, ip: &apos;192.168.1.118&apos;, os.name: &apos;Windows 7&apos;, os.arch: &apos;amd64&apos;, os.version: &apos;6.1&apos;, java.version: &apos;1.7.0_17&apos;
Session ID: 4b55e00a4f864b89efd331e75ffc7c45
Driver info: org.openqa.selenium.chrome.ChromeDriver
Capabilities [{platform=XP, acceptSslCerts=true, javascriptEnabled=true, browserName=chrome, chrome={userDataDir=C:\Users\Asen\AppData\Local\Temp\scoped_dir6580_1196}, rotatable=false, locationContextEnabled=true, mobileEmulationEnabled=false, version=47.0.2526.106, takesHeapSnapshot=true, cssSelectorsEnabled=true, databaseEnabled=false, handlesAlerts=true, browserConnectionEnabled=false, webStorageEnabled=true, nativeEvents=true, applicationCacheEnabled=false, takesScreenshot=true}]
	at sun.reflect.NativeConstructorAccessorImpl.newInstance0(Native Method)
	at sun.reflect.NativeConstructorAccessorImpl.newInstance(NativeConstructorAccessorImpl.java:57)
	at sun.reflect.DelegatingConstructorAccessorImpl.newInstance(DelegatingConstructorAccessorImpl.java:45)
	at java.lang.reflect.Constructor.newInstance(Constructor.java:525)
	at org.openqa.selenium.remote.ErrorHandler.createThrowable(ErrorHandler.java:204)
	at org.openqa.selenium.remote.ErrorHandler.throwIfResponseFailed(ErrorHandler.java:156)
	at org.openqa.selenium.remote.RemoteWebDriver.execute(RemoteWebDriver.java:599)
	at org.openqa.selenium.remote.RemoteWebDriver$RemoteTargetLocator.defaultContent(RemoteWebDriver.java:889)
	at com.util.SeleniumUtil.outFrame(SeleniumUtil.java:416)
	at com.auto.business.configmanagement.Systemcodebusiness.add(Systemcodebusiness.java:41)
	at com.auto.cases.configmanagement.Configmanagement_Systemcode_test.add(Configmanagement_Systemcode_test.java:40)
	at sun.reflect.NativeMethodAccessorImpl.invoke0(Native Method)
	at sun.reflect.NativeMethodAccessorImpl.invoke(NativeMethodAccessorImpl.java:57)
	at sun.reflect.DelegatingMethodAccessorImpl.invoke(DelegatingMethodAccessorImpl.java:43)
	at java.lang.reflect.Method.invoke(Method.java:601)
	at org.testng.internal.MethodInvocationHelper.invokeMethod(MethodInvocationHelper.java:86)
	at org.testng.internal.Invoker.invokeMethod(Invoker.java:645)
	at org.testng.internal.Invoker.invokeTestMethod(Invoker.java:822)
	at org.testng.internal.Invoker.invokeTestMethods(Invoker.java:1130)
	at org.testng.internal.TestMethodWorker.invokeTestMethods(TestMethodWorker.java:129)
	at org.testng.internal.TestMethodWorker.run(TestMethodWorker.java:112)
	at org.testng.TestRunner.privateRun(TestRunner.java:782)
	at org.testng.TestRunner.run(TestRunner.java:632)
	at org.testng.SuiteRunner.runTest(SuiteRunner.java:366)
	at org.testng.SuiteRunner.access$000(SuiteRunner.java:39)
	at org.testng.SuiteRunner$SuiteWorker.run(SuiteRunner.java:400)
	at org.testng.internal.thread.ThreadUtil$2.call(ThreadUtil.java:64)
	at java.util.concurrent.FutureTask$Sync.innerRun(FutureTask.java:334)
	at java.util.concurrent.FutureTask.run(FutureTask.java:166)
	at java.util.concurrent.ThreadPoolExecutor.runWorker(ThreadPoolExecutor.java:1145)
	at java.util.concurrent.ThreadPoolExecutor$Worker.run(ThreadPoolExecutor.java:615)
	at java.lang.Thread.run(Thread.java:722)
</pre></div></td>
<td>2</td>
<td>com.auto.cases.configmanagement.Configmanagement_Systemcode_test@16176786</td></tr>
<tr>
<td title='com.auto.cases.configmanagement.Configmanagement_Systemcode_test.add()'><b>add</b><br>Test class: com.auto.cases.configmanagement.Configmanagement_Systemcode_test<br>Parameters: {父代码值=132, 代码值=TOCC122, flag=1, 编码标准=, 代码类别=java, 变更通知=12394, 代码类别名=, 添加名称=西藏, 预期结果=增加成功, 备注=系统测试}<br/>
<a href="#Output-1665051819" onClick='toggleBox("Output-1665051819", this, "Show output", "Hide output");'>Show output</a>

<a href="#Output-1665051819" onClick="toggleAllBoxes();">Show all outputs</a>
<div class='log' id="Output-1665051819">
[2016_03_28_20_42_46_add] ,截图失败，原因：null<br/>
<img src="../../[2016_03_28_20_42_46_add] ,截图失败，原因：null"/><br/>
</div>
</td>
<td><div><pre>org.openqa.selenium.WebDriverException: chrome not reachable
  (Session info: chrome=47.0.2526.106)
  (Driver info: chromedriver=2.13.307647 (5a7d0541ebc58e69994a6fb2ed930f45261f3c29),platform=Windows NT 6.1 SP1 x86_64) (WARNING: The server did not provide any stacktrace information)
Command duration or timeout: 2.02 seconds
Build info: version: &apos;2.44.0&apos;, revision: &apos;76d78cf323ce037c5f92db6c1bba601c2ac43ad8&apos;, time: &apos;2014-10-23 13:11:40&apos;
System info: host: &apos;Asen-PC&apos;, ip: &apos;192.168.1.118&apos;, os.name: &apos;Windows 7&apos;, os.arch: &apos;amd64&apos;, os.version: &apos;6.1&apos;, java.version: &apos;1.7.0_17&apos;
Session ID: 4b55e00a4f864b89efd331e75ffc7c45
Driver info: org.openqa.selenium.chrome.ChromeDriver
Capabilities [{platform=XP, acceptSslCerts=true, javascriptEnabled=true, browserName=chrome, chrome={userDataDir=C:\Users\Asen\AppData\Local\Temp\scoped_dir6580_1196}, rotatable=false, locationContextEnabled=true, mobileEmulationEnabled=false, version=47.0.2526.106, takesHeapSnapshot=true, cssSelectorsEnabled=true, databaseEnabled=false, handlesAlerts=true, browserConnectionEnabled=false, webStorageEnabled=true, nativeEvents=true, applicationCacheEnabled=false, takesScreenshot=true}]
	at org.openqa.selenium.remote.ErrorHandler.createThrowable(ErrorHandler.java:204)
	at org.openqa.selenium.remote.ErrorHandler.throwIfResponseFailed(ErrorHandler.java:156)
	at org.openqa.selenium.remote.RemoteWebDriver.execute(RemoteWebDriver.java:599)
	at org.openqa.selenium.remote.RemoteWebDriver$RemoteTargetLocator.defaultContent(RemoteWebDriver.java:889)
	at com.util.SeleniumUtil.outFrame(SeleniumUtil.java:416)
	at com.auto.business.configmanagement.Systemcodebusiness.add(Systemcodebusiness.java:41)
	at com.auto.cases.configmanagement.Configmanagement_Systemcode_test.add(Configmanagement_Systemcode_test.java:40)
	at java.util.concurrent.FutureTask$Sync.innerRun(FutureTask.java:334)
	at java.util.concurrent.FutureTask.run(FutureTask.java:166)
	at java.util.concurrent.ThreadPoolExecutor.runWorker(ThreadPoolExecutor.java:1145)
	at java.util.concurrent.ThreadPoolExecutor$Worker.run(ThreadPoolExecutor.java:615)
	at java.lang.Thread.run(Thread.java:722)
... Removed 20 stack frames</pre></div><a href='#' onClick='toggleBox("stack-trace1665051819", this, "Click to show all stack frames", "Click to hide stack frames")'>Click to show all stack frames</a>
<div class='stack-trace' id='stack-trace1665051819'><pre>org.openqa.selenium.WebDriverException: chrome not reachable
  (Session info: chrome=47.0.2526.106)
  (Driver info: chromedriver=2.13.307647 (5a7d0541ebc58e69994a6fb2ed930f45261f3c29),platform=Windows NT 6.1 SP1 x86_64) (WARNING: The server did not provide any stacktrace information)
Command duration or timeout: 2.02 seconds
Build info: version: &apos;2.44.0&apos;, revision: &apos;76d78cf323ce037c5f92db6c1bba601c2ac43ad8&apos;, time: &apos;2014-10-23 13:11:40&apos;
System info: host: &apos;Asen-PC&apos;, ip: &apos;192.168.1.118&apos;, os.name: &apos;Windows 7&apos;, os.arch: &apos;amd64&apos;, os.version: &apos;6.1&apos;, java.version: &apos;1.7.0_17&apos;
Session ID: 4b55e00a4f864b89efd331e75ffc7c45
Driver info: org.openqa.selenium.chrome.ChromeDriver
Capabilities [{platform=XP, acceptSslCerts=true, javascriptEnabled=true, browserName=chrome, chrome={userDataDir=C:\Users\Asen\AppData\Local\Temp\scoped_dir6580_1196}, rotatable=false, locationContextEnabled=true, mobileEmulationEnabled=false, version=47.0.2526.106, takesHeapSnapshot=true, cssSelectorsEnabled=true, databaseEnabled=false, handlesAlerts=true, browserConnectionEnabled=false, webStorageEnabled=true, nativeEvents=true, applicationCacheEnabled=false, takesScreenshot=true}]
	at sun.reflect.NativeConstructorAccessorImpl.newInstance0(Native Method)
	at sun.reflect.NativeConstructorAccessorImpl.newInstance(NativeConstructorAccessorImpl.java:57)
	at sun.reflect.DelegatingConstructorAccessorImpl.newInstance(DelegatingConstructorAccessorImpl.java:45)
	at java.lang.reflect.Constructor.newInstance(Constructor.java:525)
	at org.openqa.selenium.remote.ErrorHandler.createThrowable(ErrorHandler.java:204)
	at org.openqa.selenium.remote.ErrorHandler.throwIfResponseFailed(ErrorHandler.java:156)
	at org.openqa.selenium.remote.RemoteWebDriver.execute(RemoteWebDriver.java:599)
	at org.openqa.selenium.remote.RemoteWebDriver$RemoteTargetLocator.defaultContent(RemoteWebDriver.java:889)
	at com.util.SeleniumUtil.outFrame(SeleniumUtil.java:416)
	at com.auto.business.configmanagement.Systemcodebusiness.add(Systemcodebusiness.java:41)
	at com.auto.cases.configmanagement.Configmanagement_Systemcode_test.add(Configmanagement_Systemcode_test.java:40)
	at sun.reflect.NativeMethodAccessorImpl.invoke0(Native Method)
	at sun.reflect.NativeMethodAccessorImpl.invoke(NativeMethodAccessorImpl.java:57)
	at sun.reflect.DelegatingMethodAccessorImpl.invoke(DelegatingMethodAccessorImpl.java:43)
	at java.lang.reflect.Method.invoke(Method.java:601)
	at org.testng.internal.MethodInvocationHelper.invokeMethod(MethodInvocationHelper.java:86)
	at org.testng.internal.Invoker.invokeMethod(Invoker.java:645)
	at org.testng.internal.Invoker.invokeTestMethod(Invoker.java:822)
	at org.testng.internal.Invoker.invokeTestMethods(Invoker.java:1130)
	at org.testng.internal.TestMethodWorker.invokeTestMethods(TestMethodWorker.java:129)
	at org.testng.internal.TestMethodWorker.run(TestMethodWorker.java:112)
	at org.testng.TestRunner.privateRun(TestRunner.java:782)
	at org.testng.TestRunner.run(TestRunner.java:632)
	at org.testng.SuiteRunner.runTest(SuiteRunner.java:366)
	at org.testng.SuiteRunner.access$000(SuiteRunner.java:39)
	at org.testng.SuiteRunner$SuiteWorker.run(SuiteRunner.java:400)
	at org.testng.internal.thread.ThreadUtil$2.call(ThreadUtil.java:64)
	at java.util.concurrent.FutureTask$Sync.innerRun(FutureTask.java:334)
	at java.util.concurrent.FutureTask.run(FutureTask.java:166)
	at java.util.concurrent.ThreadPoolExecutor.runWorker(ThreadPoolExecutor.java:1145)
	at java.util.concurrent.ThreadPoolExecutor$Worker.run(ThreadPoolExecutor.java:615)
	at java.lang.Thread.run(Thread.java:722)
</pre></div></td>
<td>2</td>
<td>com.auto.cases.configmanagement.Configmanagement_Systemcode_test@16176786</td></tr>
<tr>
<td title='com.auto.cases.configmanagement.Configmanagement_Systemcode_test.add()'><b>add</b><br>Test class: com.auto.cases.configmanagement.Configmanagement_Systemcode_test<br>Parameters: {父代码值=132, 代码值=TOCC123, flag=1, 编码标准=, 代码类别=python, 变更通知=12394, 代码类别名=, 添加名称=北大前方科技, 预期结果=增加成功, 备注=系统测试}<br/>
<a href="#Output-279448910" onClick='toggleBox("Output-279448910", this, "Show output", "Hide output");'>Show output</a>

<a href="#Output-279448910" onClick="toggleAllBoxes();">Show all outputs</a>
<div class='log' id="Output-279448910">
[2016_03_28_20_42_48_add] ,截图失败，原因：null<br/>
<img src="../../[2016_03_28_20_42_48_add] ,截图失败，原因：null"/><br/>
</div>
</td>
<td><div><pre>org.openqa.selenium.WebDriverException: chrome not reachable
  (Session info: chrome=47.0.2526.106)
  (Driver info: chromedriver=2.13.307647 (5a7d0541ebc58e69994a6fb2ed930f45261f3c29),platform=Windows NT 6.1 SP1 x86_64) (WARNING: The server did not provide any stacktrace information)
Command duration or timeout: 2.03 seconds
Build info: version: &apos;2.44.0&apos;, revision: &apos;76d78cf323ce037c5f92db6c1bba601c2ac43ad8&apos;, time: &apos;2014-10-23 13:11:40&apos;
System info: host: &apos;Asen-PC&apos;, ip: &apos;192.168.1.118&apos;, os.name: &apos;Windows 7&apos;, os.arch: &apos;amd64&apos;, os.version: &apos;6.1&apos;, java.version: &apos;1.7.0_17&apos;
Session ID: 4b55e00a4f864b89efd331e75ffc7c45
Driver info: org.openqa.selenium.chrome.ChromeDriver
Capabilities [{platform=XP, acceptSslCerts=true, javascriptEnabled=true, browserName=chrome, chrome={userDataDir=C:\Users\Asen\AppData\Local\Temp\scoped_dir6580_1196}, rotatable=false, locationContextEnabled=true, mobileEmulationEnabled=false, version=47.0.2526.106, takesHeapSnapshot=true, cssSelectorsEnabled=true, databaseEnabled=false, handlesAlerts=true, browserConnectionEnabled=false, webStorageEnabled=true, nativeEvents=true, applicationCacheEnabled=false, takesScreenshot=true}]
	at org.openqa.selenium.remote.ErrorHandler.createThrowable(ErrorHandler.java:204)
	at org.openqa.selenium.remote.ErrorHandler.throwIfResponseFailed(ErrorHandler.java:156)
	at org.openqa.selenium.remote.RemoteWebDriver.execute(RemoteWebDriver.java:599)
	at org.openqa.selenium.remote.RemoteWebDriver$RemoteTargetLocator.defaultContent(RemoteWebDriver.java:889)
	at com.util.SeleniumUtil.outFrame(SeleniumUtil.java:416)
	at com.auto.business.configmanagement.Systemcodebusiness.add(Systemcodebusiness.java:41)
	at com.auto.cases.configmanagement.Configmanagement_Systemcode_test.add(Configmanagement_Systemcode_test.java:40)
	at java.util.concurrent.FutureTask$Sync.innerRun(FutureTask.java:334)
	at java.util.concurrent.FutureTask.run(FutureTask.java:166)
	at java.util.concurrent.ThreadPoolExecutor.runWorker(ThreadPoolExecutor.java:1145)
	at java.util.concurrent.ThreadPoolExecutor$Worker.run(ThreadPoolExecutor.java:615)
	at java.lang.Thread.run(Thread.java:722)
... Removed 20 stack frames</pre></div><a href='#' onClick='toggleBox("stack-trace279448910", this, "Click to show all stack frames", "Click to hide stack frames")'>Click to show all stack frames</a>
<div class='stack-trace' id='stack-trace279448910'><pre>org.openqa.selenium.WebDriverException: chrome not reachable
  (Session info: chrome=47.0.2526.106)
  (Driver info: chromedriver=2.13.307647 (5a7d0541ebc58e69994a6fb2ed930f45261f3c29),platform=Windows NT 6.1 SP1 x86_64) (WARNING: The server did not provide any stacktrace information)
Command duration or timeout: 2.03 seconds
Build info: version: &apos;2.44.0&apos;, revision: &apos;76d78cf323ce037c5f92db6c1bba601c2ac43ad8&apos;, time: &apos;2014-10-23 13:11:40&apos;
System info: host: &apos;Asen-PC&apos;, ip: &apos;192.168.1.118&apos;, os.name: &apos;Windows 7&apos;, os.arch: &apos;amd64&apos;, os.version: &apos;6.1&apos;, java.version: &apos;1.7.0_17&apos;
Session ID: 4b55e00a4f864b89efd331e75ffc7c45
Driver info: org.openqa.selenium.chrome.ChromeDriver
Capabilities [{platform=XP, acceptSslCerts=true, javascriptEnabled=true, browserName=chrome, chrome={userDataDir=C:\Users\Asen\AppData\Local\Temp\scoped_dir6580_1196}, rotatable=false, locationContextEnabled=true, mobileEmulationEnabled=false, version=47.0.2526.106, takesHeapSnapshot=true, cssSelectorsEnabled=true, databaseEnabled=false, handlesAlerts=true, browserConnectionEnabled=false, webStorageEnabled=true, nativeEvents=true, applicationCacheEnabled=false, takesScreenshot=true}]
	at sun.reflect.NativeConstructorAccessorImpl.newInstance0(Native Method)
	at sun.reflect.NativeConstructorAccessorImpl.newInstance(NativeConstructorAccessorImpl.java:57)
	at sun.reflect.DelegatingConstructorAccessorImpl.newInstance(DelegatingConstructorAccessorImpl.java:45)
	at java.lang.reflect.Constructor.newInstance(Constructor.java:525)
	at org.openqa.selenium.remote.ErrorHandler.createThrowable(ErrorHandler.java:204)
	at org.openqa.selenium.remote.ErrorHandler.throwIfResponseFailed(ErrorHandler.java:156)
	at org.openqa.selenium.remote.RemoteWebDriver.execute(RemoteWebDriver.java:599)
	at org.openqa.selenium.remote.RemoteWebDriver$RemoteTargetLocator.defaultContent(RemoteWebDriver.java:889)
	at com.util.SeleniumUtil.outFrame(SeleniumUtil.java:416)
	at com.auto.business.configmanagement.Systemcodebusiness.add(Systemcodebusiness.java:41)
	at com.auto.cases.configmanagement.Configmanagement_Systemcode_test.add(Configmanagement_Systemcode_test.java:40)
	at sun.reflect.NativeMethodAccessorImpl.invoke0(Native Method)
	at sun.reflect.NativeMethodAccessorImpl.invoke(NativeMethodAccessorImpl.java:57)
	at sun.reflect.DelegatingMethodAccessorImpl.invoke(DelegatingMethodAccessorImpl.java:43)
	at java.lang.reflect.Method.invoke(Method.java:601)
	at org.testng.internal.MethodInvocationHelper.invokeMethod(MethodInvocationHelper.java:86)
	at org.testng.internal.Invoker.invokeMethod(Invoker.java:645)
	at org.testng.internal.Invoker.invokeTestMethod(Invoker.java:822)
	at org.testng.internal.Invoker.invokeTestMethods(Invoker.java:1130)
	at org.testng.internal.TestMethodWorker.invokeTestMethods(TestMethodWorker.java:129)
	at org.testng.internal.TestMethodWorker.run(TestMethodWorker.java:112)
	at org.testng.TestRunner.privateRun(TestRunner.java:782)
	at org.testng.TestRunner.run(TestRunner.java:632)
	at org.testng.SuiteRunner.runTest(SuiteRunner.java:366)
	at org.testng.SuiteRunner.access$000(SuiteRunner.java:39)
	at org.testng.SuiteRunner$SuiteWorker.run(SuiteRunner.java:400)
	at org.testng.internal.thread.ThreadUtil$2.call(ThreadUtil.java:64)
	at java.util.concurrent.FutureTask$Sync.innerRun(FutureTask.java:334)
	at java.util.concurrent.FutureTask.run(FutureTask.java:166)
	at java.util.concurrent.ThreadPoolExecutor.runWorker(ThreadPoolExecutor.java:1145)
	at java.util.concurrent.ThreadPoolExecutor$Worker.run(ThreadPoolExecutor.java:615)
	at java.lang.Thread.run(Thread.java:722)
</pre></div></td>
<td>2</td>
<td>com.auto.cases.configmanagement.Configmanagement_Systemcode_test@16176786</td></tr>
<tr>
<td title='com.auto.cases.configmanagement.Configmanagement_Systemcode_test.add()'><b>add</b><br>Test class: com.auto.cases.configmanagement.Configmanagement_Systemcode_test<br>Parameters: {父代码值=132, 代码值=TOCC125, flag=1, 编码标准=标准, 代码类别=js, 变更通知=12394, 代码类别名=, 添加名称=北大前方科技, 预期结果=增加成功, 备注=系统测试}<br/>
<a href="#Output-22643817" onClick='toggleBox("Output-22643817", this, "Show output", "Hide output");'>Show output</a>

<a href="#Output-22643817" onClick="toggleAllBoxes();">Show all outputs</a>
<div class='log' id="Output-22643817">
[2016_03_28_20_42_50_add] ,截图失败，原因：null<br/>
<img src="../../[2016_03_28_20_42_50_add] ,截图失败，原因：null"/><br/>
</div>
</td>
<td><div><pre>org.openqa.selenium.WebDriverException: chrome not reachable
  (Session info: chrome=47.0.2526.106)
  (Driver info: chromedriver=2.13.307647 (5a7d0541ebc58e69994a6fb2ed930f45261f3c29),platform=Windows NT 6.1 SP1 x86_64) (WARNING: The server did not provide any stacktrace information)
Command duration or timeout: 2.02 seconds
Build info: version: &apos;2.44.0&apos;, revision: &apos;76d78cf323ce037c5f92db6c1bba601c2ac43ad8&apos;, time: &apos;2014-10-23 13:11:40&apos;
System info: host: &apos;Asen-PC&apos;, ip: &apos;192.168.1.118&apos;, os.name: &apos;Windows 7&apos;, os.arch: &apos;amd64&apos;, os.version: &apos;6.1&apos;, java.version: &apos;1.7.0_17&apos;
Session ID: 4b55e00a4f864b89efd331e75ffc7c45
Driver info: org.openqa.selenium.chrome.ChromeDriver
Capabilities [{platform=XP, acceptSslCerts=true, javascriptEnabled=true, browserName=chrome, chrome={userDataDir=C:\Users\Asen\AppData\Local\Temp\scoped_dir6580_1196}, rotatable=false, locationContextEnabled=true, mobileEmulationEnabled=false, version=47.0.2526.106, takesHeapSnapshot=true, cssSelectorsEnabled=true, databaseEnabled=false, handlesAlerts=true, browserConnectionEnabled=false, webStorageEnabled=true, nativeEvents=true, applicationCacheEnabled=false, takesScreenshot=true}]
	at org.openqa.selenium.remote.ErrorHandler.createThrowable(ErrorHandler.java:204)
	at org.openqa.selenium.remote.ErrorHandler.throwIfResponseFailed(ErrorHandler.java:156)
	at org.openqa.selenium.remote.RemoteWebDriver.execute(RemoteWebDriver.java:599)
	at org.openqa.selenium.remote.RemoteWebDriver$RemoteTargetLocator.defaultContent(RemoteWebDriver.java:889)
	at com.util.SeleniumUtil.outFrame(SeleniumUtil.java:416)
	at com.auto.business.configmanagement.Systemcodebusiness.add(Systemcodebusiness.java:41)
	at com.auto.cases.configmanagement.Configmanagement_Systemcode_test.add(Configmanagement_Systemcode_test.java:40)
	at java.util.concurrent.FutureTask$Sync.innerRun(FutureTask.java:334)
	at java.util.concurrent.FutureTask.run(FutureTask.java:166)
	at java.util.concurrent.ThreadPoolExecutor.runWorker(ThreadPoolExecutor.java:1145)
	at java.util.concurrent.ThreadPoolExecutor$Worker.run(ThreadPoolExecutor.java:615)
	at java.lang.Thread.run(Thread.java:722)
... Removed 20 stack frames</pre></div><a href='#' onClick='toggleBox("stack-trace22643817", this, "Click to show all stack frames", "Click to hide stack frames")'>Click to show all stack frames</a>
<div class='stack-trace' id='stack-trace22643817'><pre>org.openqa.selenium.WebDriverException: chrome not reachable
  (Session info: chrome=47.0.2526.106)
  (Driver info: chromedriver=2.13.307647 (5a7d0541ebc58e69994a6fb2ed930f45261f3c29),platform=Windows NT 6.1 SP1 x86_64) (WARNING: The server did not provide any stacktrace information)
Command duration or timeout: 2.02 seconds
Build info: version: &apos;2.44.0&apos;, revision: &apos;76d78cf323ce037c5f92db6c1bba601c2ac43ad8&apos;, time: &apos;2014-10-23 13:11:40&apos;
System info: host: &apos;Asen-PC&apos;, ip: &apos;192.168.1.118&apos;, os.name: &apos;Windows 7&apos;, os.arch: &apos;amd64&apos;, os.version: &apos;6.1&apos;, java.version: &apos;1.7.0_17&apos;
Session ID: 4b55e00a4f864b89efd331e75ffc7c45
Driver info: org.openqa.selenium.chrome.ChromeDriver
Capabilities [{platform=XP, acceptSslCerts=true, javascriptEnabled=true, browserName=chrome, chrome={userDataDir=C:\Users\Asen\AppData\Local\Temp\scoped_dir6580_1196}, rotatable=false, locationContextEnabled=true, mobileEmulationEnabled=false, version=47.0.2526.106, takesHeapSnapshot=true, cssSelectorsEnabled=true, databaseEnabled=false, handlesAlerts=true, browserConnectionEnabled=false, webStorageEnabled=true, nativeEvents=true, applicationCacheEnabled=false, takesScreenshot=true}]
	at sun.reflect.NativeConstructorAccessorImpl.newInstance0(Native Method)
	at sun.reflect.NativeConstructorAccessorImpl.newInstance(NativeConstructorAccessorImpl.java:57)
	at sun.reflect.DelegatingConstructorAccessorImpl.newInstance(DelegatingConstructorAccessorImpl.java:45)
	at java.lang.reflect.Constructor.newInstance(Constructor.java:525)
	at org.openqa.selenium.remote.ErrorHandler.createThrowable(ErrorHandler.java:204)
	at org.openqa.selenium.remote.ErrorHandler.throwIfResponseFailed(ErrorHandler.java:156)
	at org.openqa.selenium.remote.RemoteWebDriver.execute(RemoteWebDriver.java:599)
	at org.openqa.selenium.remote.RemoteWebDriver$RemoteTargetLocator.defaultContent(RemoteWebDriver.java:889)
	at com.util.SeleniumUtil.outFrame(SeleniumUtil.java:416)
	at com.auto.business.configmanagement.Systemcodebusiness.add(Systemcodebusiness.java:41)
	at com.auto.cases.configmanagement.Configmanagement_Systemcode_test.add(Configmanagement_Systemcode_test.java:40)
	at sun.reflect.NativeMethodAccessorImpl.invoke0(Native Method)
	at sun.reflect.NativeMethodAccessorImpl.invoke(NativeMethodAccessorImpl.java:57)
	at sun.reflect.DelegatingMethodAccessorImpl.invoke(DelegatingMethodAccessorImpl.java:43)
	at java.lang.reflect.Method.invoke(Method.java:601)
	at org.testng.internal.MethodInvocationHelper.invokeMethod(MethodInvocationHelper.java:86)
	at org.testng.internal.Invoker.invokeMethod(Invoker.java:645)
	at org.testng.internal.Invoker.invokeTestMethod(Invoker.java:822)
	at org.testng.internal.Invoker.invokeTestMethods(Invoker.java:1130)
	at org.testng.internal.TestMethodWorker.invokeTestMethods(TestMethodWorker.java:129)
	at org.testng.internal.TestMethodWorker.run(TestMethodWorker.java:112)
	at org.testng.TestRunner.privateRun(TestRunner.java:782)
	at org.testng.TestRunner.run(TestRunner.java:632)
	at org.testng.SuiteRunner.runTest(SuiteRunner.java:366)
	at org.testng.SuiteRunner.access$000(SuiteRunner.java:39)
	at org.testng.SuiteRunner$SuiteWorker.run(SuiteRunner.java:400)
	at org.testng.internal.thread.ThreadUtil$2.call(ThreadUtil.java:64)
	at java.util.concurrent.FutureTask$Sync.innerRun(FutureTask.java:334)
	at java.util.concurrent.FutureTask.run(FutureTask.java:166)
	at java.util.concurrent.ThreadPoolExecutor.runWorker(ThreadPoolExecutor.java:1145)
	at java.util.concurrent.ThreadPoolExecutor$Worker.run(ThreadPoolExecutor.java:615)
	at java.lang.Thread.run(Thread.java:722)
</pre></div></td>
<td>2</td>
<td>com.auto.cases.configmanagement.Configmanagement_Systemcode_test@16176786</td></tr>
<tr>
<td title='com.auto.cases.configmanagement.Configmanagement_Systemcode_test.delete()'><b>delete</b><br>Test class: com.auto.cases.configmanagement.Configmanagement_Systemcode_test<br>Parameters: {line=2}<br/>
<a href="#Output-1737901183" onClick='toggleBox("Output-1737901183", this, "Show output", "Hide output");'>Show output</a>

<a href="#Output-1737901183" onClick="toggleAllBoxes();">Show all outputs</a>
<div class='log' id="Output-1737901183">
[2016_03_28_20_42_58_delete] ,截图失败，原因：null<br/>
<img src="../../[2016_03_28_20_42_58_delete] ,截图失败，原因：null"/><br/>
</div>
</td>
<td><div><pre>org.openqa.selenium.WebDriverException: chrome not reachable
  (Session info: chrome=47.0.2526.106)
  (Driver info: chromedriver=2.13.307647 (5a7d0541ebc58e69994a6fb2ed930f45261f3c29),platform=Windows NT 6.1 SP1 x86_64) (WARNING: The server did not provide any stacktrace information)
Command duration or timeout: 2.03 seconds
Build info: version: &apos;2.44.0&apos;, revision: &apos;76d78cf323ce037c5f92db6c1bba601c2ac43ad8&apos;, time: &apos;2014-10-23 13:11:40&apos;
System info: host: &apos;Asen-PC&apos;, ip: &apos;192.168.1.118&apos;, os.name: &apos;Windows 7&apos;, os.arch: &apos;amd64&apos;, os.version: &apos;6.1&apos;, java.version: &apos;1.7.0_17&apos;
Session ID: 4b55e00a4f864b89efd331e75ffc7c45
Driver info: org.openqa.selenium.chrome.ChromeDriver
Capabilities [{platform=XP, acceptSslCerts=true, javascriptEnabled=true, browserName=chrome, chrome={userDataDir=C:\Users\Asen\AppData\Local\Temp\scoped_dir6580_1196}, rotatable=false, locationContextEnabled=true, mobileEmulationEnabled=false, version=47.0.2526.106, takesHeapSnapshot=true, cssSelectorsEnabled=true, databaseEnabled=false, handlesAlerts=true, browserConnectionEnabled=false, webStorageEnabled=true, nativeEvents=true, applicationCacheEnabled=false, takesScreenshot=true}]
	at org.openqa.selenium.remote.ErrorHandler.createThrowable(ErrorHandler.java:204)
	at org.openqa.selenium.remote.ErrorHandler.throwIfResponseFailed(ErrorHandler.java:156)
	at org.openqa.selenium.remote.RemoteWebDriver.execute(RemoteWebDriver.java:599)
	at org.openqa.selenium.remote.RemoteWebDriver$RemoteTargetLocator.defaultContent(RemoteWebDriver.java:889)
	at com.util.SeleniumUtil.outFrame(SeleniumUtil.java:416)
	at com.auto.business.configmanagement.Systemcodebusiness.deletes(Systemcodebusiness.java:98)
	at com.auto.cases.configmanagement.Configmanagement_Systemcode_test.delete(Configmanagement_Systemcode_test.java:78)
	at java.util.concurrent.FutureTask$Sync.innerRun(FutureTask.java:334)
	at java.util.concurrent.FutureTask.run(FutureTask.java:166)
	at java.util.concurrent.ThreadPoolExecutor.runWorker(ThreadPoolExecutor.java:1145)
	at java.util.concurrent.ThreadPoolExecutor$Worker.run(ThreadPoolExecutor.java:615)
	at java.lang.Thread.run(Thread.java:722)
... Removed 20 stack frames</pre></div><a href='#' onClick='toggleBox("stack-trace1737901183", this, "Click to show all stack frames", "Click to hide stack frames")'>Click to show all stack frames</a>
<div class='stack-trace' id='stack-trace1737901183'><pre>org.openqa.selenium.WebDriverException: chrome not reachable
  (Session info: chrome=47.0.2526.106)
  (Driver info: chromedriver=2.13.307647 (5a7d0541ebc58e69994a6fb2ed930f45261f3c29),platform=Windows NT 6.1 SP1 x86_64) (WARNING: The server did not provide any stacktrace information)
Command duration or timeout: 2.03 seconds
Build info: version: &apos;2.44.0&apos;, revision: &apos;76d78cf323ce037c5f92db6c1bba601c2ac43ad8&apos;, time: &apos;2014-10-23 13:11:40&apos;
System info: host: &apos;Asen-PC&apos;, ip: &apos;192.168.1.118&apos;, os.name: &apos;Windows 7&apos;, os.arch: &apos;amd64&apos;, os.version: &apos;6.1&apos;, java.version: &apos;1.7.0_17&apos;
Session ID: 4b55e00a4f864b89efd331e75ffc7c45
Driver info: org.openqa.selenium.chrome.ChromeDriver
Capabilities [{platform=XP, acceptSslCerts=true, javascriptEnabled=true, browserName=chrome, chrome={userDataDir=C:\Users\Asen\AppData\Local\Temp\scoped_dir6580_1196}, rotatable=false, locationContextEnabled=true, mobileEmulationEnabled=false, version=47.0.2526.106, takesHeapSnapshot=true, cssSelectorsEnabled=true, databaseEnabled=false, handlesAlerts=true, browserConnectionEnabled=false, webStorageEnabled=true, nativeEvents=true, applicationCacheEnabled=false, takesScreenshot=true}]
	at sun.reflect.NativeConstructorAccessorImpl.newInstance0(Native Method)
	at sun.reflect.NativeConstructorAccessorImpl.newInstance(NativeConstructorAccessorImpl.java:57)
	at sun.reflect.DelegatingConstructorAccessorImpl.newInstance(DelegatingConstructorAccessorImpl.java:45)
	at java.lang.reflect.Constructor.newInstance(Constructor.java:525)
	at org.openqa.selenium.remote.ErrorHandler.createThrowable(ErrorHandler.java:204)
	at org.openqa.selenium.remote.ErrorHandler.throwIfResponseFailed(ErrorHandler.java:156)
	at org.openqa.selenium.remote.RemoteWebDriver.execute(RemoteWebDriver.java:599)
	at org.openqa.selenium.remote.RemoteWebDriver$RemoteTargetLocator.defaultContent(RemoteWebDriver.java:889)
	at com.util.SeleniumUtil.outFrame(SeleniumUtil.java:416)
	at com.auto.business.configmanagement.Systemcodebusiness.deletes(Systemcodebusiness.java:98)
	at com.auto.cases.configmanagement.Configmanagement_Systemcode_test.delete(Configmanagement_Systemcode_test.java:78)
	at sun.reflect.NativeMethodAccessorImpl.invoke0(Native Method)
	at sun.reflect.NativeMethodAccessorImpl.invoke(NativeMethodAccessorImpl.java:57)
	at sun.reflect.DelegatingMethodAccessorImpl.invoke(DelegatingMethodAccessorImpl.java:43)
	at java.lang.reflect.Method.invoke(Method.java:601)
	at org.testng.internal.MethodInvocationHelper.invokeMethod(MethodInvocationHelper.java:86)
	at org.testng.internal.Invoker.invokeMethod(Invoker.java:645)
	at org.testng.internal.Invoker.invokeTestMethod(Invoker.java:822)
	at org.testng.internal.Invoker.invokeTestMethods(Invoker.java:1130)
	at org.testng.internal.TestMethodWorker.invokeTestMethods(TestMethodWorker.java:129)
	at org.testng.internal.TestMethodWorker.run(TestMethodWorker.java:112)
	at org.testng.TestRunner.privateRun(TestRunner.java:782)
	at org.testng.TestRunner.run(TestRunner.java:632)
	at org.testng.SuiteRunner.runTest(SuiteRunner.java:366)
	at org.testng.SuiteRunner.access$000(SuiteRunner.java:39)
	at org.testng.SuiteRunner$SuiteWorker.run(SuiteRunner.java:400)
	at org.testng.internal.thread.ThreadUtil$2.call(ThreadUtil.java:64)
	at java.util.concurrent.FutureTask$Sync.innerRun(FutureTask.java:334)
	at java.util.concurrent.FutureTask.run(FutureTask.java:166)
	at java.util.concurrent.ThreadPoolExecutor.runWorker(ThreadPoolExecutor.java:1145)
	at java.util.concurrent.ThreadPoolExecutor$Worker.run(ThreadPoolExecutor.java:615)
	at java.lang.Thread.run(Thread.java:722)
</pre></div></td>
<td>2</td>
<td>com.auto.cases.configmanagement.Configmanagement_Systemcode_test@16176786</td></tr>
<tr>
<td title='com.auto.cases.configmanagement.Configmanagement_Systemcode_test.delete()'><b>delete</b><br>Test class: com.auto.cases.configmanagement.Configmanagement_Systemcode_test<br>Parameters: {line=1}<br/>
<a href="#Output-1044678626" onClick='toggleBox("Output-1044678626", this, "Show output", "Hide output");'>Show output</a>

<a href="#Output-1044678626" onClick="toggleAllBoxes();">Show all outputs</a>
<div class='log' id="Output-1044678626">
[2016_03_28_20_43_00_delete] ,截图失败，原因：null<br/>
<img src="../../[2016_03_28_20_43_00_delete] ,截图失败，原因：null"/><br/>
</div>
</td>
<td><div><pre>org.openqa.selenium.WebDriverException: chrome not reachable
  (Session info: chrome=47.0.2526.106)
  (Driver info: chromedriver=2.13.307647 (5a7d0541ebc58e69994a6fb2ed930f45261f3c29),platform=Windows NT 6.1 SP1 x86_64) (WARNING: The server did not provide any stacktrace information)
Command duration or timeout: 2.01 seconds
Build info: version: &apos;2.44.0&apos;, revision: &apos;76d78cf323ce037c5f92db6c1bba601c2ac43ad8&apos;, time: &apos;2014-10-23 13:11:40&apos;
System info: host: &apos;Asen-PC&apos;, ip: &apos;192.168.1.118&apos;, os.name: &apos;Windows 7&apos;, os.arch: &apos;amd64&apos;, os.version: &apos;6.1&apos;, java.version: &apos;1.7.0_17&apos;
Session ID: 4b55e00a4f864b89efd331e75ffc7c45
Driver info: org.openqa.selenium.chrome.ChromeDriver
Capabilities [{platform=XP, acceptSslCerts=true, javascriptEnabled=true, browserName=chrome, chrome={userDataDir=C:\Users\Asen\AppData\Local\Temp\scoped_dir6580_1196}, rotatable=false, locationContextEnabled=true, mobileEmulationEnabled=false, version=47.0.2526.106, takesHeapSnapshot=true, cssSelectorsEnabled=true, databaseEnabled=false, handlesAlerts=true, browserConnectionEnabled=false, webStorageEnabled=true, nativeEvents=true, applicationCacheEnabled=false, takesScreenshot=true}]
	at org.openqa.selenium.remote.ErrorHandler.createThrowable(ErrorHandler.java:204)
	at org.openqa.selenium.remote.ErrorHandler.throwIfResponseFailed(ErrorHandler.java:156)
	at org.openqa.selenium.remote.RemoteWebDriver.execute(RemoteWebDriver.java:599)
	at org.openqa.selenium.remote.RemoteWebDriver$RemoteTargetLocator.defaultContent(RemoteWebDriver.java:889)
	at com.util.SeleniumUtil.outFrame(SeleniumUtil.java:416)
	at com.auto.business.configmanagement.Systemcodebusiness.deletes(Systemcodebusiness.java:98)
	at com.auto.cases.configmanagement.Configmanagement_Systemcode_test.delete(Configmanagement_Systemcode_test.java:78)
	at java.util.concurrent.FutureTask$Sync.innerRun(FutureTask.java:334)
	at java.util.concurrent.FutureTask.run(FutureTask.java:166)
	at java.util.concurrent.ThreadPoolExecutor.runWorker(ThreadPoolExecutor.java:1145)
	at java.util.concurrent.ThreadPoolExecutor$Worker.run(ThreadPoolExecutor.java:615)
	at java.lang.Thread.run(Thread.java:722)
... Removed 20 stack frames</pre></div><a href='#' onClick='toggleBox("stack-trace1044678626", this, "Click to show all stack frames", "Click to hide stack frames")'>Click to show all stack frames</a>
<div class='stack-trace' id='stack-trace1044678626'><pre>org.openqa.selenium.WebDriverException: chrome not reachable
  (Session info: chrome=47.0.2526.106)
  (Driver info: chromedriver=2.13.307647 (5a7d0541ebc58e69994a6fb2ed930f45261f3c29),platform=Windows NT 6.1 SP1 x86_64) (WARNING: The server did not provide any stacktrace information)
Command duration or timeout: 2.01 seconds
Build info: version: &apos;2.44.0&apos;, revision: &apos;76d78cf323ce037c5f92db6c1bba601c2ac43ad8&apos;, time: &apos;2014-10-23 13:11:40&apos;
System info: host: &apos;Asen-PC&apos;, ip: &apos;192.168.1.118&apos;, os.name: &apos;Windows 7&apos;, os.arch: &apos;amd64&apos;, os.version: &apos;6.1&apos;, java.version: &apos;1.7.0_17&apos;
Session ID: 4b55e00a4f864b89efd331e75ffc7c45
Driver info: org.openqa.selenium.chrome.ChromeDriver
Capabilities [{platform=XP, acceptSslCerts=true, javascriptEnabled=true, browserName=chrome, chrome={userDataDir=C:\Users\Asen\AppData\Local\Temp\scoped_dir6580_1196}, rotatable=false, locationContextEnabled=true, mobileEmulationEnabled=false, version=47.0.2526.106, takesHeapSnapshot=true, cssSelectorsEnabled=true, databaseEnabled=false, handlesAlerts=true, browserConnectionEnabled=false, webStorageEnabled=true, nativeEvents=true, applicationCacheEnabled=false, takesScreenshot=true}]
	at sun.reflect.NativeConstructorAccessorImpl.newInstance0(Native Method)
	at sun.reflect.NativeConstructorAccessorImpl.newInstance(NativeConstructorAccessorImpl.java:57)
	at sun.reflect.DelegatingConstructorAccessorImpl.newInstance(DelegatingConstructorAccessorImpl.java:45)
	at java.lang.reflect.Constructor.newInstance(Constructor.java:525)
	at org.openqa.selenium.remote.ErrorHandler.createThrowable(ErrorHandler.java:204)
	at org.openqa.selenium.remote.ErrorHandler.throwIfResponseFailed(ErrorHandler.java:156)
	at org.openqa.selenium.remote.RemoteWebDriver.execute(RemoteWebDriver.java:599)
	at org.openqa.selenium.remote.RemoteWebDriver$RemoteTargetLocator.defaultContent(RemoteWebDriver.java:889)
	at com.util.SeleniumUtil.outFrame(SeleniumUtil.java:416)
	at com.auto.business.configmanagement.Systemcodebusiness.deletes(Systemcodebusiness.java:98)
	at com.auto.cases.configmanagement.Configmanagement_Systemcode_test.delete(Configmanagement_Systemcode_test.java:78)
	at sun.reflect.NativeMethodAccessorImpl.invoke0(Native Method)
	at sun.reflect.NativeMethodAccessorImpl.invoke(NativeMethodAccessorImpl.java:57)
	at sun.reflect.DelegatingMethodAccessorImpl.invoke(DelegatingMethodAccessorImpl.java:43)
	at java.lang.reflect.Method.invoke(Method.java:601)
	at org.testng.internal.MethodInvocationHelper.invokeMethod(MethodInvocationHelper.java:86)
	at org.testng.internal.Invoker.invokeMethod(Invoker.java:645)
	at org.testng.internal.Invoker.invokeTestMethod(Invoker.java:822)
	at org.testng.internal.Invoker.invokeTestMethods(Invoker.java:1130)
	at org.testng.internal.TestMethodWorker.invokeTestMethods(TestMethodWorker.java:129)
	at org.testng.internal.TestMethodWorker.run(TestMethodWorker.java:112)
	at org.testng.TestRunner.privateRun(TestRunner.java:782)
	at org.testng.TestRunner.run(TestRunner.java:632)
	at org.testng.SuiteRunner.runTest(SuiteRunner.java:366)
	at org.testng.SuiteRunner.access$000(SuiteRunner.java:39)
	at org.testng.SuiteRunner$SuiteWorker.run(SuiteRunner.java:400)
	at org.testng.internal.thread.ThreadUtil$2.call(ThreadUtil.java:64)
	at java.util.concurrent.FutureTask$Sync.innerRun(FutureTask.java:334)
	at java.util.concurrent.FutureTask.run(FutureTask.java:166)
	at java.util.concurrent.ThreadPoolExecutor.runWorker(ThreadPoolExecutor.java:1145)
	at java.util.concurrent.ThreadPoolExecutor$Worker.run(ThreadPoolExecutor.java:615)
	at java.lang.Thread.run(Thread.java:722)
</pre></div></td>
<td>2</td>
<td>com.auto.cases.configmanagement.Configmanagement_Systemcode_test@16176786</td></tr>
<tr>
<td title='com.auto.cases.configmanagement.Configmanagement_Systemcode_test.query()'><b>query</b><br>Test class: com.auto.cases.configmanagement.Configmanagement_Systemcode_test<br>Parameters: {名称=计量测试}<br/>
<a href="#Output-1539183718" onClick='toggleBox("Output-1539183718", this, "Show output", "Hide output");'>Show output</a>

<a href="#Output-1539183718" onClick="toggleAllBoxes();">Show all outputs</a>
<div class='log' id="Output-1539183718">
[2016_03_28_20_42_52_query] ,截图失败，原因：null<br/>
<img src="../../[2016_03_28_20_42_52_query] ,截图失败，原因：null"/><br/>
</div>
</td>
<td><div><pre>org.openqa.selenium.WebDriverException: chrome not reachable
  (Session info: chrome=47.0.2526.106)
  (Driver info: chromedriver=2.13.307647 (5a7d0541ebc58e69994a6fb2ed930f45261f3c29),platform=Windows NT 6.1 SP1 x86_64) (WARNING: The server did not provide any stacktrace information)
Command duration or timeout: 2.01 seconds
Build info: version: &apos;2.44.0&apos;, revision: &apos;76d78cf323ce037c5f92db6c1bba601c2ac43ad8&apos;, time: &apos;2014-10-23 13:11:40&apos;
System info: host: &apos;Asen-PC&apos;, ip: &apos;192.168.1.118&apos;, os.name: &apos;Windows 7&apos;, os.arch: &apos;amd64&apos;, os.version: &apos;6.1&apos;, java.version: &apos;1.7.0_17&apos;
Session ID: 4b55e00a4f864b89efd331e75ffc7c45
Driver info: org.openqa.selenium.chrome.ChromeDriver
Capabilities [{platform=XP, acceptSslCerts=true, javascriptEnabled=true, browserName=chrome, chrome={userDataDir=C:\Users\Asen\AppData\Local\Temp\scoped_dir6580_1196}, rotatable=false, locationContextEnabled=true, mobileEmulationEnabled=false, version=47.0.2526.106, takesHeapSnapshot=true, cssSelectorsEnabled=true, databaseEnabled=false, handlesAlerts=true, browserConnectionEnabled=false, webStorageEnabled=true, nativeEvents=true, applicationCacheEnabled=false, takesScreenshot=true}]
	at org.openqa.selenium.remote.ErrorHandler.createThrowable(ErrorHandler.java:204)
	at org.openqa.selenium.remote.ErrorHandler.throwIfResponseFailed(ErrorHandler.java:156)
	at org.openqa.selenium.remote.RemoteWebDriver.execute(RemoteWebDriver.java:599)
	at org.openqa.selenium.remote.RemoteWebDriver$RemoteTargetLocator.defaultContent(RemoteWebDriver.java:889)
	at com.util.SeleniumUtil.outFrame(SeleniumUtil.java:416)
	at com.auto.business.configmanagement.Systemcodebusiness.querys(Systemcodebusiness.java:79)
	at com.auto.cases.configmanagement.Configmanagement_Systemcode_test.query(Configmanagement_Systemcode_test.java:56)
	at java.util.concurrent.FutureTask$Sync.innerRun(FutureTask.java:334)
	at java.util.concurrent.FutureTask.run(FutureTask.java:166)
	at java.util.concurrent.ThreadPoolExecutor.runWorker(ThreadPoolExecutor.java:1145)
	at java.util.concurrent.ThreadPoolExecutor$Worker.run(ThreadPoolExecutor.java:615)
	at java.lang.Thread.run(Thread.java:722)
... Removed 20 stack frames</pre></div><a href='#' onClick='toggleBox("stack-trace1539183718", this, "Click to show all stack frames", "Click to hide stack frames")'>Click to show all stack frames</a>
<div class='stack-trace' id='stack-trace1539183718'><pre>org.openqa.selenium.WebDriverException: chrome not reachable
  (Session info: chrome=47.0.2526.106)
  (Driver info: chromedriver=2.13.307647 (5a7d0541ebc58e69994a6fb2ed930f45261f3c29),platform=Windows NT 6.1 SP1 x86_64) (WARNING: The server did not provide any stacktrace information)
Command duration or timeout: 2.01 seconds
Build info: version: &apos;2.44.0&apos;, revision: &apos;76d78cf323ce037c5f92db6c1bba601c2ac43ad8&apos;, time: &apos;2014-10-23 13:11:40&apos;
System info: host: &apos;Asen-PC&apos;, ip: &apos;192.168.1.118&apos;, os.name: &apos;Windows 7&apos;, os.arch: &apos;amd64&apos;, os.version: &apos;6.1&apos;, java.version: &apos;1.7.0_17&apos;
Session ID: 4b55e00a4f864b89efd331e75ffc7c45
Driver info: org.openqa.selenium.chrome.ChromeDriver
Capabilities [{platform=XP, acceptSslCerts=true, javascriptEnabled=true, browserName=chrome, chrome={userDataDir=C:\Users\Asen\AppData\Local\Temp\scoped_dir6580_1196}, rotatable=false, locationContextEnabled=true, mobileEmulationEnabled=false, version=47.0.2526.106, takesHeapSnapshot=true, cssSelectorsEnabled=true, databaseEnabled=false, handlesAlerts=true, browserConnectionEnabled=false, webStorageEnabled=true, nativeEvents=true, applicationCacheEnabled=false, takesScreenshot=true}]
	at sun.reflect.NativeConstructorAccessorImpl.newInstance0(Native Method)
	at sun.reflect.NativeConstructorAccessorImpl.newInstance(NativeConstructorAccessorImpl.java:57)
	at sun.reflect.DelegatingConstructorAccessorImpl.newInstance(DelegatingConstructorAccessorImpl.java:45)
	at java.lang.reflect.Constructor.newInstance(Constructor.java:525)
	at org.openqa.selenium.remote.ErrorHandler.createThrowable(ErrorHandler.java:204)
	at org.openqa.selenium.remote.ErrorHandler.throwIfResponseFailed(ErrorHandler.java:156)
	at org.openqa.selenium.remote.RemoteWebDriver.execute(RemoteWebDriver.java:599)
	at org.openqa.selenium.remote.RemoteWebDriver$RemoteTargetLocator.defaultContent(RemoteWebDriver.java:889)
	at com.util.SeleniumUtil.outFrame(SeleniumUtil.java:416)
	at com.auto.business.configmanagement.Systemcodebusiness.querys(Systemcodebusiness.java:79)
	at com.auto.cases.configmanagement.Configmanagement_Systemcode_test.query(Configmanagement_Systemcode_test.java:56)
	at sun.reflect.NativeMethodAccessorImpl.invoke0(Native Method)
	at sun.reflect.NativeMethodAccessorImpl.invoke(NativeMethodAccessorImpl.java:57)
	at sun.reflect.DelegatingMethodAccessorImpl.invoke(DelegatingMethodAccessorImpl.java:43)
	at java.lang.reflect.Method.invoke(Method.java:601)
	at org.testng.internal.MethodInvocationHelper.invokeMethod(MethodInvocationHelper.java:86)
	at org.testng.internal.Invoker.invokeMethod(Invoker.java:645)
	at org.testng.internal.Invoker.invokeTestMethod(Invoker.java:822)
	at org.testng.internal.Invoker.invokeTestMethods(Invoker.java:1130)
	at org.testng.internal.TestMethodWorker.invokeTestMethods(TestMethodWorker.java:129)
	at org.testng.internal.TestMethodWorker.run(TestMethodWorker.java:112)
	at org.testng.TestRunner.privateRun(TestRunner.java:782)
	at org.testng.TestRunner.run(TestRunner.java:632)
	at org.testng.SuiteRunner.runTest(SuiteRunner.java:366)
	at org.testng.SuiteRunner.access$000(SuiteRunner.java:39)
	at org.testng.SuiteRunner$SuiteWorker.run(SuiteRunner.java:400)
	at org.testng.internal.thread.ThreadUtil$2.call(ThreadUtil.java:64)
	at java.util.concurrent.FutureTask$Sync.innerRun(FutureTask.java:334)
	at java.util.concurrent.FutureTask.run(FutureTask.java:166)
	at java.util.concurrent.ThreadPoolExecutor.runWorker(ThreadPoolExecutor.java:1145)
	at java.util.concurrent.ThreadPoolExecutor$Worker.run(ThreadPoolExecutor.java:615)
	at java.lang.Thread.run(Thread.java:722)
</pre></div></td>
<td>2</td>
<td>com.auto.cases.configmanagement.Configmanagement_Systemcode_test@16176786</td></tr>
<tr>
<td title='com.auto.cases.configmanagement.Configmanagement_Systemcode_test.query()'><b>query</b><br>Test class: com.auto.cases.configmanagement.Configmanagement_Systemcode_test<br>Parameters: {名称=北大前方科技}<br/>
<a href="#Output-1609808836" onClick='toggleBox("Output-1609808836", this, "Show output", "Hide output");'>Show output</a>

<a href="#Output-1609808836" onClick="toggleAllBoxes();">Show all outputs</a>
<div class='log' id="Output-1609808836">
[2016_03_28_20_42_54_query] ,截图失败，原因：null<br/>
<img src="../../[2016_03_28_20_42_54_query] ,截图失败，原因：null"/><br/>
</div>
</td>
<td><div><pre>org.openqa.selenium.WebDriverException: chrome not reachable
  (Session info: chrome=47.0.2526.106)
  (Driver info: chromedriver=2.13.307647 (5a7d0541ebc58e69994a6fb2ed930f45261f3c29),platform=Windows NT 6.1 SP1 x86_64) (WARNING: The server did not provide any stacktrace information)
Command duration or timeout: 2.03 seconds
Build info: version: &apos;2.44.0&apos;, revision: &apos;76d78cf323ce037c5f92db6c1bba601c2ac43ad8&apos;, time: &apos;2014-10-23 13:11:40&apos;
System info: host: &apos;Asen-PC&apos;, ip: &apos;192.168.1.118&apos;, os.name: &apos;Windows 7&apos;, os.arch: &apos;amd64&apos;, os.version: &apos;6.1&apos;, java.version: &apos;1.7.0_17&apos;
Session ID: 4b55e00a4f864b89efd331e75ffc7c45
Driver info: org.openqa.selenium.chrome.ChromeDriver
Capabilities [{platform=XP, acceptSslCerts=true, javascriptEnabled=true, browserName=chrome, chrome={userDataDir=C:\Users\Asen\AppData\Local\Temp\scoped_dir6580_1196}, rotatable=false, locationContextEnabled=true, mobileEmulationEnabled=false, version=47.0.2526.106, takesHeapSnapshot=true, cssSelectorsEnabled=true, databaseEnabled=false, handlesAlerts=true, browserConnectionEnabled=false, webStorageEnabled=true, nativeEvents=true, applicationCacheEnabled=false, takesScreenshot=true}]
	at org.openqa.selenium.remote.ErrorHandler.createThrowable(ErrorHandler.java:204)
	at org.openqa.selenium.remote.ErrorHandler.throwIfResponseFailed(ErrorHandler.java:156)
	at org.openqa.selenium.remote.RemoteWebDriver.execute(RemoteWebDriver.java:599)
	at org.openqa.selenium.remote.RemoteWebDriver$RemoteTargetLocator.defaultContent(RemoteWebDriver.java:889)
	at com.util.SeleniumUtil.outFrame(SeleniumUtil.java:416)
	at com.auto.business.configmanagement.Systemcodebusiness.querys(Systemcodebusiness.java:79)
	at com.auto.cases.configmanagement.Configmanagement_Systemcode_test.query(Configmanagement_Systemcode_test.java:56)
	at java.util.concurrent.FutureTask$Sync.innerRun(FutureTask.java:334)
	at java.util.concurrent.FutureTask.run(FutureTask.java:166)
	at java.util.concurrent.ThreadPoolExecutor.runWorker(ThreadPoolExecutor.java:1145)
	at java.util.concurrent.ThreadPoolExecutor$Worker.run(ThreadPoolExecutor.java:615)
	at java.lang.Thread.run(Thread.java:722)
... Removed 20 stack frames</pre></div><a href='#' onClick='toggleBox("stack-trace1609808836", this, "Click to show all stack frames", "Click to hide stack frames")'>Click to show all stack frames</a>
<div class='stack-trace' id='stack-trace1609808836'><pre>org.openqa.selenium.WebDriverException: chrome not reachable
  (Session info: chrome=47.0.2526.106)
  (Driver info: chromedriver=2.13.307647 (5a7d0541ebc58e69994a6fb2ed930f45261f3c29),platform=Windows NT 6.1 SP1 x86_64) (WARNING: The server did not provide any stacktrace information)
Command duration or timeout: 2.03 seconds
Build info: version: &apos;2.44.0&apos;, revision: &apos;76d78cf323ce037c5f92db6c1bba601c2ac43ad8&apos;, time: &apos;2014-10-23 13:11:40&apos;
System info: host: &apos;Asen-PC&apos;, ip: &apos;192.168.1.118&apos;, os.name: &apos;Windows 7&apos;, os.arch: &apos;amd64&apos;, os.version: &apos;6.1&apos;, java.version: &apos;1.7.0_17&apos;
Session ID: 4b55e00a4f864b89efd331e75ffc7c45
Driver info: org.openqa.selenium.chrome.ChromeDriver
Capabilities [{platform=XP, acceptSslCerts=true, javascriptEnabled=true, browserName=chrome, chrome={userDataDir=C:\Users\Asen\AppData\Local\Temp\scoped_dir6580_1196}, rotatable=false, locationContextEnabled=true, mobileEmulationEnabled=false, version=47.0.2526.106, takesHeapSnapshot=true, cssSelectorsEnabled=true, databaseEnabled=false, handlesAlerts=true, browserConnectionEnabled=false, webStorageEnabled=true, nativeEvents=true, applicationCacheEnabled=false, takesScreenshot=true}]
	at sun.reflect.NativeConstructorAccessorImpl.newInstance0(Native Method)
	at sun.reflect.NativeConstructorAccessorImpl.newInstance(NativeConstructorAccessorImpl.java:57)
	at sun.reflect.DelegatingConstructorAccessorImpl.newInstance(DelegatingConstructorAccessorImpl.java:45)
	at java.lang.reflect.Constructor.newInstance(Constructor.java:525)
	at org.openqa.selenium.remote.ErrorHandler.createThrowable(ErrorHandler.java:204)
	at org.openqa.selenium.remote.ErrorHandler.throwIfResponseFailed(ErrorHandler.java:156)
	at org.openqa.selenium.remote.RemoteWebDriver.execute(RemoteWebDriver.java:599)
	at org.openqa.selenium.remote.RemoteWebDriver$RemoteTargetLocator.defaultContent(RemoteWebDriver.java:889)
	at com.util.SeleniumUtil.outFrame(SeleniumUtil.java:416)
	at com.auto.business.configmanagement.Systemcodebusiness.querys(Systemcodebusiness.java:79)
	at com.auto.cases.configmanagement.Configmanagement_Systemcode_test.query(Configmanagement_Systemcode_test.java:56)
	at sun.reflect.NativeMethodAccessorImpl.invoke0(Native Method)
	at sun.reflect.NativeMethodAccessorImpl.invoke(NativeMethodAccessorImpl.java:57)
	at sun.reflect.DelegatingMethodAccessorImpl.invoke(DelegatingMethodAccessorImpl.java:43)
	at java.lang.reflect.Method.invoke(Method.java:601)
	at org.testng.internal.MethodInvocationHelper.invokeMethod(MethodInvocationHelper.java:86)
	at org.testng.internal.Invoker.invokeMethod(Invoker.java:645)
	at org.testng.internal.Invoker.invokeTestMethod(Invoker.java:822)
	at org.testng.internal.Invoker.invokeTestMethods(Invoker.java:1130)
	at org.testng.internal.TestMethodWorker.invokeTestMethods(TestMethodWorker.java:129)
	at org.testng.internal.TestMethodWorker.run(TestMethodWorker.java:112)
	at org.testng.TestRunner.privateRun(TestRunner.java:782)
	at org.testng.TestRunner.run(TestRunner.java:632)
	at org.testng.SuiteRunner.runTest(SuiteRunner.java:366)
	at org.testng.SuiteRunner.access$000(SuiteRunner.java:39)
	at org.testng.SuiteRunner$SuiteWorker.run(SuiteRunner.java:400)
	at org.testng.internal.thread.ThreadUtil$2.call(ThreadUtil.java:64)
	at java.util.concurrent.FutureTask$Sync.innerRun(FutureTask.java:334)
	at java.util.concurrent.FutureTask.run(FutureTask.java:166)
	at java.util.concurrent.ThreadPoolExecutor.runWorker(ThreadPoolExecutor.java:1145)
	at java.util.concurrent.ThreadPoolExecutor$Worker.run(ThreadPoolExecutor.java:615)
	at java.lang.Thread.run(Thread.java:722)
</pre></div></td>
<td>2</td>
<td>com.auto.cases.configmanagement.Configmanagement_Systemcode_test@16176786</td></tr>
<tr>
<td title='com.auto.cases.configmanagement.Configmanagement_Systemcode_test.query()'><b>query</b><br>Test class: com.auto.cases.configmanagement.Configmanagement_Systemcode_test<br>Parameters: {名称=西藏}<br/>
<a href="#Output-1248727980" onClick='toggleBox("Output-1248727980", this, "Show output", "Hide output");'>Show output</a>

<a href="#Output-1248727980" onClick="toggleAllBoxes();">Show all outputs</a>
<div class='log' id="Output-1248727980">
[2016_03_28_20_42_56_query] ,截图失败，原因：null<br/>
<img src="../../[2016_03_28_20_42_56_query] ,截图失败，原因：null"/><br/>
</div>
</td>
<td><div><pre>org.openqa.selenium.WebDriverException: chrome not reachable
  (Session info: chrome=47.0.2526.106)
  (Driver info: chromedriver=2.13.307647 (5a7d0541ebc58e69994a6fb2ed930f45261f3c29),platform=Windows NT 6.1 SP1 x86_64) (WARNING: The server did not provide any stacktrace information)
Command duration or timeout: 2.03 seconds
Build info: version: &apos;2.44.0&apos;, revision: &apos;76d78cf323ce037c5f92db6c1bba601c2ac43ad8&apos;, time: &apos;2014-10-23 13:11:40&apos;
System info: host: &apos;Asen-PC&apos;, ip: &apos;192.168.1.118&apos;, os.name: &apos;Windows 7&apos;, os.arch: &apos;amd64&apos;, os.version: &apos;6.1&apos;, java.version: &apos;1.7.0_17&apos;
Session ID: 4b55e00a4f864b89efd331e75ffc7c45
Driver info: org.openqa.selenium.chrome.ChromeDriver
Capabilities [{platform=XP, acceptSslCerts=true, javascriptEnabled=true, browserName=chrome, chrome={userDataDir=C:\Users\Asen\AppData\Local\Temp\scoped_dir6580_1196}, rotatable=false, locationContextEnabled=true, mobileEmulationEnabled=false, version=47.0.2526.106, takesHeapSnapshot=true, cssSelectorsEnabled=true, databaseEnabled=false, handlesAlerts=true, browserConnectionEnabled=false, webStorageEnabled=true, nativeEvents=true, applicationCacheEnabled=false, takesScreenshot=true}]
	at org.openqa.selenium.remote.ErrorHandler.createThrowable(ErrorHandler.java:204)
	at org.openqa.selenium.remote.ErrorHandler.throwIfResponseFailed(ErrorHandler.java:156)
	at org.openqa.selenium.remote.RemoteWebDriver.execute(RemoteWebDriver.java:599)
	at org.openqa.selenium.remote.RemoteWebDriver$RemoteTargetLocator.defaultContent(RemoteWebDriver.java:889)
	at com.util.SeleniumUtil.outFrame(SeleniumUtil.java:416)
	at com.auto.business.configmanagement.Systemcodebusiness.querys(Systemcodebusiness.java:79)
	at com.auto.cases.configmanagement.Configmanagement_Systemcode_test.query(Configmanagement_Systemcode_test.java:56)
	at java.util.concurrent.FutureTask$Sync.innerRun(FutureTask.java:334)
	at java.util.concurrent.FutureTask.run(FutureTask.java:166)
	at java.util.concurrent.ThreadPoolExecutor.runWorker(ThreadPoolExecutor.java:1145)
	at java.util.concurrent.ThreadPoolExecutor$Worker.run(ThreadPoolExecutor.java:615)
	at java.lang.Thread.run(Thread.java:722)
... Removed 20 stack frames</pre></div><a href='#' onClick='toggleBox("stack-trace1248727980", this, "Click to show all stack frames", "Click to hide stack frames")'>Click to show all stack frames</a>
<div class='stack-trace' id='stack-trace1248727980'><pre>org.openqa.selenium.WebDriverException: chrome not reachable
  (Session info: chrome=47.0.2526.106)
  (Driver info: chromedriver=2.13.307647 (5a7d0541ebc58e69994a6fb2ed930f45261f3c29),platform=Windows NT 6.1 SP1 x86_64) (WARNING: The server did not provide any stacktrace information)
Command duration or timeout: 2.03 seconds
Build info: version: &apos;2.44.0&apos;, revision: &apos;76d78cf323ce037c5f92db6c1bba601c2ac43ad8&apos;, time: &apos;2014-10-23 13:11:40&apos;
System info: host: &apos;Asen-PC&apos;, ip: &apos;192.168.1.118&apos;, os.name: &apos;Windows 7&apos;, os.arch: &apos;amd64&apos;, os.version: &apos;6.1&apos;, java.version: &apos;1.7.0_17&apos;
Session ID: 4b55e00a4f864b89efd331e75ffc7c45
Driver info: org.openqa.selenium.chrome.ChromeDriver
Capabilities [{platform=XP, acceptSslCerts=true, javascriptEnabled=true, browserName=chrome, chrome={userDataDir=C:\Users\Asen\AppData\Local\Temp\scoped_dir6580_1196}, rotatable=false, locationContextEnabled=true, mobileEmulationEnabled=false, version=47.0.2526.106, takesHeapSnapshot=true, cssSelectorsEnabled=true, databaseEnabled=false, handlesAlerts=true, browserConnectionEnabled=false, webStorageEnabled=true, nativeEvents=true, applicationCacheEnabled=false, takesScreenshot=true}]
	at sun.reflect.NativeConstructorAccessorImpl.newInstance0(Native Method)
	at sun.reflect.NativeConstructorAccessorImpl.newInstance(NativeConstructorAccessorImpl.java:57)
	at sun.reflect.DelegatingConstructorAccessorImpl.newInstance(DelegatingConstructorAccessorImpl.java:45)
	at java.lang.reflect.Constructor.newInstance(Constructor.java:525)
	at org.openqa.selenium.remote.ErrorHandler.createThrowable(ErrorHandler.java:204)
	at org.openqa.selenium.remote.ErrorHandler.throwIfResponseFailed(ErrorHandler.java:156)
	at org.openqa.selenium.remote.RemoteWebDriver.execute(RemoteWebDriver.java:599)
	at org.openqa.selenium.remote.RemoteWebDriver$RemoteTargetLocator.defaultContent(RemoteWebDriver.java:889)
	at com.util.SeleniumUtil.outFrame(SeleniumUtil.java:416)
	at com.auto.business.configmanagement.Systemcodebusiness.querys(Systemcodebusiness.java:79)
	at com.auto.cases.configmanagement.Configmanagement_Systemcode_test.query(Configmanagement_Systemcode_test.java:56)
	at sun.reflect.NativeMethodAccessorImpl.invoke0(Native Method)
	at sun.reflect.NativeMethodAccessorImpl.invoke(NativeMethodAccessorImpl.java:57)
	at sun.reflect.DelegatingMethodAccessorImpl.invoke(DelegatingMethodAccessorImpl.java:43)
	at java.lang.reflect.Method.invoke(Method.java:601)
	at org.testng.internal.MethodInvocationHelper.invokeMethod(MethodInvocationHelper.java:86)
	at org.testng.internal.Invoker.invokeMethod(Invoker.java:645)
	at org.testng.internal.Invoker.invokeTestMethod(Invoker.java:822)
	at org.testng.internal.Invoker.invokeTestMethods(Invoker.java:1130)
	at org.testng.internal.TestMethodWorker.invokeTestMethods(TestMethodWorker.java:129)
	at org.testng.internal.TestMethodWorker.run(TestMethodWorker.java:112)
	at org.testng.TestRunner.privateRun(TestRunner.java:782)
	at org.testng.TestRunner.run(TestRunner.java:632)
	at org.testng.SuiteRunner.runTest(SuiteRunner.java:366)
	at org.testng.SuiteRunner.access$000(SuiteRunner.java:39)
	at org.testng.SuiteRunner$SuiteWorker.run(SuiteRunner.java:400)
	at org.testng.internal.thread.ThreadUtil$2.call(ThreadUtil.java:64)
	at java.util.concurrent.FutureTask$Sync.innerRun(FutureTask.java:334)
	at java.util.concurrent.FutureTask.run(FutureTask.java:166)
	at java.util.concurrent.ThreadPoolExecutor.runWorker(ThreadPoolExecutor.java:1145)
	at java.util.concurrent.ThreadPoolExecutor$Worker.run(ThreadPoolExecutor.java:615)
	at java.lang.Thread.run(Thread.java:722)
</pre></div></td>
<td>2</td>
<td>com.auto.cases.configmanagement.Configmanagement_Systemcode_test@16176786</td></tr>
</table><p>
</body>
</html>