-------------------------------------------------------------------------------
Test set: TestSuite
-------------------------------------------------------------------------------
Tests run: 74, Failures: 22, Errors: 0, Skipped: 0, Time elapsed: 344.067 sec <<< FAILURE!
add(com.auto.cases.drilltraining.Drilltraining_Drillscenemanager_test)  Time elapsed: 49.598 sec  <<< FAILURE!
java.lang.AssertionError: Failed to click element [null]
	at org.testng.Assert.fail(Assert.java:83)
	at com.util.SeleniumUtil.click(SeleniumUtil.java:154)
	at com.auto.business.drilltraining.Drillscenebusiness.add(Drillscenebusiness.java:42)
	at com.auto.cases.drilltraining.Drilltraining_Drillscenemanager_test.add(Drilltraining_Drillscenemanager_test.java:39)
Caused by: java.lang.Exception: java.lang.NullPointerException
	at com.util.SeleniumUtil.clickTheClickable(SeleniumUtil.java:167)
	at com.util.SeleniumUtil.clickTheClickable(SeleniumUtil.java:171)
	at com.util.SeleniumUtil.clickTheClickable(SeleniumUtil.java:171)
	at com.util.SeleniumUtil.clickTheClickable(SeleniumUtil.java:171)
	at com.util.SeleniumUtil.click(SeleniumUtil.java:148)
	... 23 more
Caused by: java.lang.NullPointerException
	at com.util.SeleniumUtil.clickTheClickable(SeleniumUtil.java:163)
	... 27 more

add(com.auto.cases.drilltraining.Drilltraining_Drillscenemanager_test)  Time elapsed: 0.033 sec  <<< FAILURE!
org.openqa.selenium.NoSuchWindowException: no such window: target window already closed
from unknown error: web view not found
  (Session info: chrome=47.0.2526.106)
  (Driver info: chromedriver=2.13.307647 (5a7d0541ebc58e69994a6fb2ed930f45261f3c29),platform=Windows NT 6.1 SP1 x86_64) (WARNING: The server did not provide any stacktrace information)
Command duration or timeout: 16 milliseconds
Build info: version: '2.44.0', revision: '76d78cf323ce037c5f92db6c1bba601c2ac43ad8', time: '2014-10-23 13:11:40'
System info: host: 'Asen-PC', ip: '54.0.1.107', os.name: 'Windows 7', os.arch: 'amd64', os.version: '6.1', java.version: '1.7.0_17'
Session ID: bfb267748b914720afb748acb3a896e4
Driver info: org.openqa.selenium.chrome.ChromeDriver
Capabilities [{platform=XP, acceptSslCerts=true, javascriptEnabled=true, browserName=chrome, chrome={userDataDir=C:\Users\Asen\AppData\Local\Temp\scoped_dir11244_14445}, rotatable=false, locationContextEnabled=true, mobileEmulationEnabled=false, version=47.0.2526.106, takesHeapSnapshot=true, cssSelectorsEnabled=true, databaseEnabled=false, handlesAlerts=true, browserConnectionEnabled=false, webStorageEnabled=true, nativeEvents=true, applicationCacheEnabled=false, takesScreenshot=true}]
	at sun.reflect.NativeConstructorAccessorImpl.newInstance0(Native Method)
	at sun.reflect.NativeConstructorAccessorImpl.newInstance(NativeConstructorAccessorImpl.java:57)
	at sun.reflect.DelegatingConstructorAccessorImpl.newInstance(DelegatingConstructorAccessorImpl.java:45)
	at java.lang.reflect.Constructor.newInstance(Constructor.java:525)
	at org.openqa.selenium.remote.ErrorHandler.createThrowable(ErrorHandler.java:204)
	at org.openqa.selenium.remote.ErrorHandler.throwIfResponseFailed(ErrorHandler.java:156)
	at org.openqa.selenium.remote.RemoteWebDriver.execute(RemoteWebDriver.java:599)
	at org.openqa.selenium.remote.RemoteWebDriver$RemoteTargetLocator.defaultContent(RemoteWebDriver.java:889)
	at com.util.SeleniumUtil.outFrame(SeleniumUtil.java:416)
	at com.auto.business.drilltraining.Drillscenebusiness.add(Drillscenebusiness.java:41)
	at com.auto.cases.drilltraining.Drilltraining_Drillscenemanager_test.add(Drilltraining_Drillscenemanager_test.java:39)

add(com.auto.cases.drilltraining.Drilltraining_Drillscenemanager_test)  Time elapsed: 0.015 sec  <<< FAILURE!
org.openqa.selenium.NoSuchWindowException: no such window: target window already closed
from unknown error: web view not found
  (Session info: chrome=47.0.2526.106)
  (Driver info: chromedriver=2.13.307647 (5a7d0541ebc58e69994a6fb2ed930f45261f3c29),platform=Windows NT 6.1 SP1 x86_64) (WARNING: The server did not provide any stacktrace information)
Command duration or timeout: 8 milliseconds
Build info: version: '2.44.0', revision: '76d78cf323ce037c5f92db6c1bba601c2ac43ad8', time: '2014-10-23 13:11:40'
System info: host: 'Asen-PC', ip: '54.0.1.107', os.name: 'Windows 7', os.arch: 'amd64', os.version: '6.1', java.version: '1.7.0_17'
Session ID: bfb267748b914720afb748acb3a896e4
Driver info: org.openqa.selenium.chrome.ChromeDriver
Capabilities [{platform=XP, acceptSslCerts=true, javascriptEnabled=true, browserName=chrome, chrome={userDataDir=C:\Users\Asen\AppData\Local\Temp\scoped_dir11244_14445}, rotatable=false, locationContextEnabled=true, mobileEmulationEnabled=false, version=47.0.2526.106, takesHeapSnapshot=true, cssSelectorsEnabled=true, databaseEnabled=false, handlesAlerts=true, browserConnectionEnabled=false, webStorageEnabled=true, nativeEvents=true, applicationCacheEnabled=false, takesScreenshot=true}]
	at sun.reflect.NativeConstructorAccessorImpl.newInstance0(Native Method)
	at sun.reflect.NativeConstructorAccessorImpl.newInstance(NativeConstructorAccessorImpl.java:57)
	at sun.reflect.DelegatingConstructorAccessorImpl.newInstance(DelegatingConstructorAccessorImpl.java:45)
	at java.lang.reflect.Constructor.newInstance(Constructor.java:525)
	at org.openqa.selenium.remote.ErrorHandler.createThrowable(ErrorHandler.java:204)
	at org.openqa.selenium.remote.ErrorHandler.throwIfResponseFailed(ErrorHandler.java:156)
	at org.openqa.selenium.remote.RemoteWebDriver.execute(RemoteWebDriver.java:599)
	at org.openqa.selenium.remote.RemoteWebDriver$RemoteTargetLocator.defaultContent(RemoteWebDriver.java:889)
	at com.util.SeleniumUtil.outFrame(SeleniumUtil.java:416)
	at com.auto.business.drilltraining.Drillscenebusiness.add(Drillscenebusiness.java:41)
	at com.auto.cases.drilltraining.Drilltraining_Drillscenemanager_test.add(Drilltraining_Drillscenemanager_test.java:39)

add(com.auto.cases.drilltraining.Drilltraining_Drillscenemanager_test)  Time elapsed: 0.015 sec  <<< FAILURE!
org.openqa.selenium.NoSuchWindowException: no such window: target window already closed
from unknown error: web view not found
  (Session info: chrome=47.0.2526.106)
  (Driver info: chromedriver=2.13.307647 (5a7d0541ebc58e69994a6fb2ed930f45261f3c29),platform=Windows NT 6.1 SP1 x86_64) (WARNING: The server did not provide any stacktrace information)
Command duration or timeout: 9 milliseconds
Build info: version: '2.44.0', revision: '76d78cf323ce037c5f92db6c1bba601c2ac43ad8', time: '2014-10-23 13:11:40'
System info: host: 'Asen-PC', ip: '54.0.1.107', os.name: 'Windows 7', os.arch: 'amd64', os.version: '6.1', java.version: '1.7.0_17'
Session ID: bfb267748b914720afb748acb3a896e4
Driver info: org.openqa.selenium.chrome.ChromeDriver
Capabilities [{platform=XP, acceptSslCerts=true, javascriptEnabled=true, browserName=chrome, chrome={userDataDir=C:\Users\Asen\AppData\Local\Temp\scoped_dir11244_14445}, rotatable=false, locationContextEnabled=true, mobileEmulationEnabled=false, version=47.0.2526.106, takesHeapSnapshot=true, cssSelectorsEnabled=true, databaseEnabled=false, handlesAlerts=true, browserConnectionEnabled=false, webStorageEnabled=true, nativeEvents=true, applicationCacheEnabled=false, takesScreenshot=true}]
	at sun.reflect.NativeConstructorAccessorImpl.newInstance0(Native Method)
	at sun.reflect.NativeConstructorAccessorImpl.newInstance(NativeConstructorAccessorImpl.java:57)
	at sun.reflect.DelegatingConstructorAccessorImpl.newInstance(DelegatingConstructorAccessorImpl.java:45)
	at java.lang.reflect.Constructor.newInstance(Constructor.java:525)
	at org.openqa.selenium.remote.ErrorHandler.createThrowable(ErrorHandler.java:204)
	at org.openqa.selenium.remote.ErrorHandler.throwIfResponseFailed(ErrorHandler.java:156)
	at org.openqa.selenium.remote.RemoteWebDriver.execute(RemoteWebDriver.java:599)
	at org.openqa.selenium.remote.RemoteWebDriver$RemoteTargetLocator.defaultContent(RemoteWebDriver.java:889)
	at com.util.SeleniumUtil.outFrame(SeleniumUtil.java:416)
	at com.auto.business.drilltraining.Drillscenebusiness.add(Drillscenebusiness.java:41)
	at com.auto.cases.drilltraining.Drilltraining_Drillscenemanager_test.add(Drilltraining_Drillscenemanager_test.java:39)

add(com.auto.cases.drilltraining.Drilltraining_Drillscenemanager_test)  Time elapsed: 0.018 sec  <<< FAILURE!
org.openqa.selenium.NoSuchWindowException: no such window: target window already closed
from unknown error: web view not found
  (Session info: chrome=47.0.2526.106)
  (Driver info: chromedriver=2.13.307647 (5a7d0541ebc58e69994a6fb2ed930f45261f3c29),platform=Windows NT 6.1 SP1 x86_64) (WARNING: The server did not provide any stacktrace information)
Command duration or timeout: 8 milliseconds
Build info: version: '2.44.0', revision: '76d78cf323ce037c5f92db6c1bba601c2ac43ad8', time: '2014-10-23 13:11:40'
System info: host: 'Asen-PC', ip: '54.0.1.107', os.name: 'Windows 7', os.arch: 'amd64', os.version: '6.1', java.version: '1.7.0_17'
Session ID: bfb267748b914720afb748acb3a896e4
Driver info: org.openqa.selenium.chrome.ChromeDriver
Capabilities [{platform=XP, acceptSslCerts=true, javascriptEnabled=true, browserName=chrome, chrome={userDataDir=C:\Users\Asen\AppData\Local\Temp\scoped_dir11244_14445}, rotatable=false, locationContextEnabled=true, mobileEmulationEnabled=false, version=47.0.2526.106, takesHeapSnapshot=true, cssSelectorsEnabled=true, databaseEnabled=false, handlesAlerts=true, browserConnectionEnabled=false, webStorageEnabled=true, nativeEvents=true, applicationCacheEnabled=false, takesScreenshot=true}]
	at sun.reflect.NativeConstructorAccessorImpl.newInstance0(Native Method)
	at sun.reflect.NativeConstructorAccessorImpl.newInstance(NativeConstructorAccessorImpl.java:57)
	at sun.reflect.DelegatingConstructorAccessorImpl.newInstance(DelegatingConstructorAccessorImpl.java:45)
	at java.lang.reflect.Constructor.newInstance(Constructor.java:525)
	at org.openqa.selenium.remote.ErrorHandler.createThrowable(ErrorHandler.java:204)
	at org.openqa.selenium.remote.ErrorHandler.throwIfResponseFailed(ErrorHandler.java:156)
	at org.openqa.selenium.remote.RemoteWebDriver.execute(RemoteWebDriver.java:599)
	at org.openqa.selenium.remote.RemoteWebDriver$RemoteTargetLocator.defaultContent(RemoteWebDriver.java:889)
	at com.util.SeleniumUtil.outFrame(SeleniumUtil.java:416)
	at com.auto.business.drilltraining.Drillscenebusiness.add(Drillscenebusiness.java:41)
	at com.auto.cases.drilltraining.Drilltraining_Drillscenemanager_test.add(Drilltraining_Drillscenemanager_test.java:39)

add(com.auto.cases.drilltraining.Drilltraining_Drillscenemanager_test)  Time elapsed: 0.015 sec  <<< FAILURE!
org.openqa.selenium.NoSuchWindowException: no such window: target window already closed
from unknown error: web view not found
  (Session info: chrome=47.0.2526.106)
  (Driver info: chromedriver=2.13.307647 (5a7d0541ebc58e69994a6fb2ed930f45261f3c29),platform=Windows NT 6.1 SP1 x86_64) (WARNING: The server did not provide any stacktrace information)
Command duration or timeout: 9 milliseconds
Build info: version: '2.44.0', revision: '76d78cf323ce037c5f92db6c1bba601c2ac43ad8', time: '2014-10-23 13:11:40'
System info: host: 'Asen-PC', ip: '54.0.1.107', os.name: 'Windows 7', os.arch: 'amd64', os.version: '6.1', java.version: '1.7.0_17'
Session ID: bfb267748b914720afb748acb3a896e4
Driver info: org.openqa.selenium.chrome.ChromeDriver
Capabilities [{platform=XP, acceptSslCerts=true, javascriptEnabled=true, browserName=chrome, chrome={userDataDir=C:\Users\Asen\AppData\Local\Temp\scoped_dir11244_14445}, rotatable=false, locationContextEnabled=true, mobileEmulationEnabled=false, version=47.0.2526.106, takesHeapSnapshot=true, cssSelectorsEnabled=true, databaseEnabled=false, handlesAlerts=true, browserConnectionEnabled=false, webStorageEnabled=true, nativeEvents=true, applicationCacheEnabled=false, takesScreenshot=true}]
	at sun.reflect.NativeConstructorAccessorImpl.newInstance0(Native Method)
	at sun.reflect.NativeConstructorAccessorImpl.newInstance(NativeConstructorAccessorImpl.java:57)
	at sun.reflect.DelegatingConstructorAccessorImpl.newInstance(DelegatingConstructorAccessorImpl.java:45)
	at java.lang.reflect.Constructor.newInstance(Constructor.java:525)
	at org.openqa.selenium.remote.ErrorHandler.createThrowable(ErrorHandler.java:204)
	at org.openqa.selenium.remote.ErrorHandler.throwIfResponseFailed(ErrorHandler.java:156)
	at org.openqa.selenium.remote.RemoteWebDriver.execute(RemoteWebDriver.java:599)
	at org.openqa.selenium.remote.RemoteWebDriver$RemoteTargetLocator.defaultContent(RemoteWebDriver.java:889)
	at com.util.SeleniumUtil.outFrame(SeleniumUtil.java:416)
	at com.auto.business.drilltraining.Drillscenebusiness.add(Drillscenebusiness.java:41)
	at com.auto.cases.drilltraining.Drilltraining_Drillscenemanager_test.add(Drilltraining_Drillscenemanager_test.java:39)

delete(com.auto.cases.drilltraining.Drilltraining_Drillscenemanager_test)  Time elapsed: 0.021 sec  <<< FAILURE!
org.openqa.selenium.NoSuchWindowException: no such window: target window already closed
from unknown error: web view not found
  (Session info: chrome=47.0.2526.106)
  (Driver info: chromedriver=2.13.307647 (5a7d0541ebc58e69994a6fb2ed930f45261f3c29),platform=Windows NT 6.1 SP1 x86_64) (WARNING: The server did not provide any stacktrace information)
Command duration or timeout: 10 milliseconds
Build info: version: '2.44.0', revision: '76d78cf323ce037c5f92db6c1bba601c2ac43ad8', time: '2014-10-23 13:11:40'
System info: host: 'Asen-PC', ip: '54.0.1.107', os.name: 'Windows 7', os.arch: 'amd64', os.version: '6.1', java.version: '1.7.0_17'
Session ID: bfb267748b914720afb748acb3a896e4
Driver info: org.openqa.selenium.chrome.ChromeDriver
Capabilities [{platform=XP, acceptSslCerts=true, javascriptEnabled=true, browserName=chrome, chrome={userDataDir=C:\Users\Asen\AppData\Local\Temp\scoped_dir11244_14445}, rotatable=false, locationContextEnabled=true, mobileEmulationEnabled=false, version=47.0.2526.106, takesHeapSnapshot=true, cssSelectorsEnabled=true, databaseEnabled=false, handlesAlerts=true, browserConnectionEnabled=false, webStorageEnabled=true, nativeEvents=true, applicationCacheEnabled=false, takesScreenshot=true}]
	at sun.reflect.NativeConstructorAccessorImpl.newInstance0(Native Method)
	at sun.reflect.NativeConstructorAccessorImpl.newInstance(NativeConstructorAccessorImpl.java:57)
	at sun.reflect.DelegatingConstructorAccessorImpl.newInstance(DelegatingConstructorAccessorImpl.java:45)
	at java.lang.reflect.Constructor.newInstance(Constructor.java:525)
	at org.openqa.selenium.remote.ErrorHandler.createThrowable(ErrorHandler.java:204)
	at org.openqa.selenium.remote.ErrorHandler.throwIfResponseFailed(ErrorHandler.java:156)
	at org.openqa.selenium.remote.RemoteWebDriver.execute(RemoteWebDriver.java:599)
	at org.openqa.selenium.remote.RemoteWebDriver$RemoteTargetLocator.defaultContent(RemoteWebDriver.java:889)
	at com.util.SeleniumUtil.outFrame(SeleniumUtil.java:416)
	at com.auto.business.drilltraining.Drillscenebusiness.deletes(Drillscenebusiness.java:102)
	at com.auto.cases.drilltraining.Drilltraining_Drillscenemanager_test.delete(Drilltraining_Drillscenemanager_test.java:77)

delete(com.auto.cases.drilltraining.Drilltraining_Drillscenemanager_test)  Time elapsed: 0.016 sec  <<< FAILURE!
org.openqa.selenium.NoSuchWindowException: no such window: target window already closed
from unknown error: web view not found
  (Session info: chrome=47.0.2526.106)
  (Driver info: chromedriver=2.13.307647 (5a7d0541ebc58e69994a6fb2ed930f45261f3c29),platform=Windows NT 6.1 SP1 x86_64) (WARNING: The server did not provide any stacktrace information)
Command duration or timeout: 10 milliseconds
Build info: version: '2.44.0', revision: '76d78cf323ce037c5f92db6c1bba601c2ac43ad8', time: '2014-10-23 13:11:40'
System info: host: 'Asen-PC', ip: '54.0.1.107', os.name: 'Windows 7', os.arch: 'amd64', os.version: '6.1', java.version: '1.7.0_17'
Session ID: bfb267748b914720afb748acb3a896e4
Driver info: org.openqa.selenium.chrome.ChromeDriver
Capabilities [{platform=XP, acceptSslCerts=true, javascriptEnabled=true, browserName=chrome, chrome={userDataDir=C:\Users\Asen\AppData\Local\Temp\scoped_dir11244_14445}, rotatable=false, locationContextEnabled=true, mobileEmulationEnabled=false, version=47.0.2526.106, takesHeapSnapshot=true, cssSelectorsEnabled=true, databaseEnabled=false, handlesAlerts=true, browserConnectionEnabled=false, webStorageEnabled=true, nativeEvents=true, applicationCacheEnabled=false, takesScreenshot=true}]
	at sun.reflect.NativeConstructorAccessorImpl.newInstance0(Native Method)
	at sun.reflect.NativeConstructorAccessorImpl.newInstance(NativeConstructorAccessorImpl.java:57)
	at sun.reflect.DelegatingConstructorAccessorImpl.newInstance(DelegatingConstructorAccessorImpl.java:45)
	at java.lang.reflect.Constructor.newInstance(Constructor.java:525)
	at org.openqa.selenium.remote.ErrorHandler.createThrowable(ErrorHandler.java:204)
	at org.openqa.selenium.remote.ErrorHandler.throwIfResponseFailed(ErrorHandler.java:156)
	at org.openqa.selenium.remote.RemoteWebDriver.execute(RemoteWebDriver.java:599)
	at org.openqa.selenium.remote.RemoteWebDriver$RemoteTargetLocator.defaultContent(RemoteWebDriver.java:889)
	at com.util.SeleniumUtil.outFrame(SeleniumUtil.java:416)
	at com.auto.business.drilltraining.Drillscenebusiness.deletes(Drillscenebusiness.java:102)
	at com.auto.cases.drilltraining.Drilltraining_Drillscenemanager_test.delete(Drilltraining_Drillscenemanager_test.java:77)

query(com.auto.cases.drilltraining.Drilltraining_Drillscenemanager_test)  Time elapsed: 0.015 sec  <<< FAILURE!
org.openqa.selenium.NoSuchWindowException: no such window: target window already closed
from unknown error: web view not found
  (Session info: chrome=47.0.2526.106)
  (Driver info: chromedriver=2.13.307647 (5a7d0541ebc58e69994a6fb2ed930f45261f3c29),platform=Windows NT 6.1 SP1 x86_64) (WARNING: The server did not provide any stacktrace information)
Command duration or timeout: 8 milliseconds
Build info: version: '2.44.0', revision: '76d78cf323ce037c5f92db6c1bba601c2ac43ad8', time: '2014-10-23 13:11:40'
System info: host: 'Asen-PC', ip: '54.0.1.107', os.name: 'Windows 7', os.arch: 'amd64', os.version: '6.1', java.version: '1.7.0_17'
Session ID: bfb267748b914720afb748acb3a896e4
Driver info: org.openqa.selenium.chrome.ChromeDriver
Capabilities [{platform=XP, acceptSslCerts=true, javascriptEnabled=true, browserName=chrome, chrome={userDataDir=C:\Users\Asen\AppData\Local\Temp\scoped_dir11244_14445}, rotatable=false, locationContextEnabled=true, mobileEmulationEnabled=false, version=47.0.2526.106, takesHeapSnapshot=true, cssSelectorsEnabled=true, databaseEnabled=false, handlesAlerts=true, browserConnectionEnabled=false, webStorageEnabled=true, nativeEvents=true, applicationCacheEnabled=false, takesScreenshot=true}]
	at sun.reflect.NativeConstructorAccessorImpl.newInstance0(Native Method)
	at sun.reflect.NativeConstructorAccessorImpl.newInstance(NativeConstructorAccessorImpl.java:57)
	at sun.reflect.DelegatingConstructorAccessorImpl.newInstance(DelegatingConstructorAccessorImpl.java:45)
	at java.lang.reflect.Constructor.newInstance(Constructor.java:525)
	at org.openqa.selenium.remote.ErrorHandler.createThrowable(ErrorHandler.java:204)
	at org.openqa.selenium.remote.ErrorHandler.throwIfResponseFailed(ErrorHandler.java:156)
	at org.openqa.selenium.remote.RemoteWebDriver.execute(RemoteWebDriver.java:599)
	at org.openqa.selenium.remote.RemoteWebDriver$RemoteTargetLocator.defaultContent(RemoteWebDriver.java:889)
	at com.util.SeleniumUtil.outFrame(SeleniumUtil.java:416)
	at com.auto.business.drilltraining.Drillscenebusiness.querys(Drillscenebusiness.java:74)
	at com.auto.cases.drilltraining.Drilltraining_Drillscenemanager_test.query(Drilltraining_Drillscenemanager_test.java:55)

query(com.auto.cases.drilltraining.Drilltraining_Drillscenemanager_test)  Time elapsed: 0.015 sec  <<< FAILURE!
org.openqa.selenium.NoSuchWindowException: no such window: target window already closed
from unknown error: web view not found
  (Session info: chrome=47.0.2526.106)
  (Driver info: chromedriver=2.13.307647 (5a7d0541ebc58e69994a6fb2ed930f45261f3c29),platform=Windows NT 6.1 SP1 x86_64) (WARNING: The server did not provide any stacktrace information)
Command duration or timeout: 8 milliseconds
Build info: version: '2.44.0', revision: '76d78cf323ce037c5f92db6c1bba601c2ac43ad8', time: '2014-10-23 13:11:40'
System info: host: 'Asen-PC', ip: '54.0.1.107', os.name: 'Windows 7', os.arch: 'amd64', os.version: '6.1', java.version: '1.7.0_17'
Session ID: bfb267748b914720afb748acb3a896e4
Driver info: org.openqa.selenium.chrome.ChromeDriver
Capabilities [{platform=XP, acceptSslCerts=true, javascriptEnabled=true, browserName=chrome, chrome={userDataDir=C:\Users\Asen\AppData\Local\Temp\scoped_dir11244_14445}, rotatable=false, locationContextEnabled=true, mobileEmulationEnabled=false, version=47.0.2526.106, takesHeapSnapshot=true, cssSelectorsEnabled=true, databaseEnabled=false, handlesAlerts=true, browserConnectionEnabled=false, webStorageEnabled=true, nativeEvents=true, applicationCacheEnabled=false, takesScreenshot=true}]
	at sun.reflect.NativeConstructorAccessorImpl.newInstance0(Native Method)
	at sun.reflect.NativeConstructorAccessorImpl.newInstance(NativeConstructorAccessorImpl.java:57)
	at sun.reflect.DelegatingConstructorAccessorImpl.newInstance(DelegatingConstructorAccessorImpl.java:45)
	at java.lang.reflect.Constructor.newInstance(Constructor.java:525)
	at org.openqa.selenium.remote.ErrorHandler.createThrowable(ErrorHandler.java:204)
	at org.openqa.selenium.remote.ErrorHandler.throwIfResponseFailed(ErrorHandler.java:156)
	at org.openqa.selenium.remote.RemoteWebDriver.execute(RemoteWebDriver.java:599)
	at org.openqa.selenium.remote.RemoteWebDriver$RemoteTargetLocator.defaultContent(RemoteWebDriver.java:889)
	at com.util.SeleniumUtil.outFrame(SeleniumUtil.java:416)
	at com.auto.business.drilltraining.Drillscenebusiness.querys(Drillscenebusiness.java:74)
	at com.auto.cases.drilltraining.Drilltraining_Drillscenemanager_test.query(Drilltraining_Drillscenemanager_test.java:55)

query(com.auto.cases.drilltraining.Drilltraining_Drillscenemanager_test)  Time elapsed: 0.015 sec  <<< FAILURE!
org.openqa.selenium.NoSuchWindowException: no such window: target window already closed
from unknown error: web view not found
  (Session info: chrome=47.0.2526.106)
  (Driver info: chromedriver=2.13.307647 (5a7d0541ebc58e69994a6fb2ed930f45261f3c29),platform=Windows NT 6.1 SP1 x86_64) (WARNING: The server did not provide any stacktrace information)
Command duration or timeout: 9 milliseconds
Build info: version: '2.44.0', revision: '76d78cf323ce037c5f92db6c1bba601c2ac43ad8', time: '2014-10-23 13:11:40'
System info: host: 'Asen-PC', ip: '54.0.1.107', os.name: 'Windows 7', os.arch: 'amd64', os.version: '6.1', java.version: '1.7.0_17'
Session ID: bfb267748b914720afb748acb3a896e4
Driver info: org.openqa.selenium.chrome.ChromeDriver
Capabilities [{platform=XP, acceptSslCerts=true, javascriptEnabled=true, browserName=chrome, chrome={userDataDir=C:\Users\Asen\AppData\Local\Temp\scoped_dir11244_14445}, rotatable=false, locationContextEnabled=true, mobileEmulationEnabled=false, version=47.0.2526.106, takesHeapSnapshot=true, cssSelectorsEnabled=true, databaseEnabled=false, handlesAlerts=true, browserConnectionEnabled=false, webStorageEnabled=true, nativeEvents=true, applicationCacheEnabled=false, takesScreenshot=true}]
	at sun.reflect.NativeConstructorAccessorImpl.newInstance0(Native Method)
	at sun.reflect.NativeConstructorAccessorImpl.newInstance(NativeConstructorAccessorImpl.java:57)
	at sun.reflect.DelegatingConstructorAccessorImpl.newInstance(DelegatingConstructorAccessorImpl.java:45)
	at java.lang.reflect.Constructor.newInstance(Constructor.java:525)
	at org.openqa.selenium.remote.ErrorHandler.createThrowable(ErrorHandler.java:204)
	at org.openqa.selenium.remote.ErrorHandler.throwIfResponseFailed(ErrorHandler.java:156)
	at org.openqa.selenium.remote.RemoteWebDriver.execute(RemoteWebDriver.java:599)
	at org.openqa.selenium.remote.RemoteWebDriver$RemoteTargetLocator.defaultContent(RemoteWebDriver.java:889)
	at com.util.SeleniumUtil.outFrame(SeleniumUtil.java:416)
	at com.auto.business.drilltraining.Drillscenebusiness.querys(Drillscenebusiness.java:74)
	at com.auto.cases.drilltraining.Drilltraining_Drillscenemanager_test.query(Drilltraining_Drillscenemanager_test.java:55)

add(com.auto.cases.drilltraining.Drilltraining_Trainingcourse_test)  Time elapsed: 0.082 sec  <<< FAILURE!
java.lang.NullPointerException
	at com.util.SeleniumUtil.isDisplayed(SeleniumUtil.java:464)
	at com.auto.business.drilltraining.Trainingcoursebusiness.add(Trainingcoursebusiness.java:43)
	at com.auto.cases.drilltraining.Drilltraining_Trainingcourse_test.add(Drilltraining_Trainingcourse_test.java:40)

add(com.auto.cases.drilltraining.Drilltraining_Trainingcourse_test)  Time elapsed: 0.042 sec  <<< FAILURE!
java.lang.NullPointerException
	at com.util.SeleniumUtil.isDisplayed(SeleniumUtil.java:464)
	at com.auto.business.drilltraining.Trainingcoursebusiness.add(Trainingcoursebusiness.java:43)
	at com.auto.cases.drilltraining.Drilltraining_Trainingcourse_test.add(Drilltraining_Trainingcourse_test.java:40)

add(com.auto.cases.drilltraining.Drilltraining_Trainingcourse_test)  Time elapsed: 0.03 sec  <<< FAILURE!
java.lang.NullPointerException
	at com.util.SeleniumUtil.isDisplayed(SeleniumUtil.java:464)
	at com.auto.business.drilltraining.Trainingcoursebusiness.add(Trainingcoursebusiness.java:43)
	at com.auto.cases.drilltraining.Drilltraining_Trainingcourse_test.add(Drilltraining_Trainingcourse_test.java:40)

add(com.auto.cases.drilltraining.Drilltraining_Trainingcourse_test)  Time elapsed: 0.029 sec  <<< FAILURE!
java.lang.NullPointerException
	at com.util.SeleniumUtil.isDisplayed(SeleniumUtil.java:464)
	at com.auto.business.drilltraining.Trainingcoursebusiness.add(Trainingcoursebusiness.java:43)
	at com.auto.cases.drilltraining.Drilltraining_Trainingcourse_test.add(Drilltraining_Trainingcourse_test.java:40)

add(com.auto.cases.drilltraining.Drilltraining_Trainingcourse_test)  Time elapsed: 0.031 sec  <<< FAILURE!
java.lang.NullPointerException
	at com.util.SeleniumUtil.isDisplayed(SeleniumUtil.java:464)
	at com.auto.business.drilltraining.Trainingcoursebusiness.add(Trainingcoursebusiness.java:43)
	at com.auto.cases.drilltraining.Drilltraining_Trainingcourse_test.add(Drilltraining_Trainingcourse_test.java:40)

add(com.auto.cases.drilltraining.Drilltraining_Trainingcourse_test)  Time elapsed: 0.029 sec  <<< FAILURE!
java.lang.NullPointerException
	at com.util.SeleniumUtil.isDisplayed(SeleniumUtil.java:464)
	at com.auto.business.drilltraining.Trainingcoursebusiness.add(Trainingcoursebusiness.java:43)
	at com.auto.cases.drilltraining.Drilltraining_Trainingcourse_test.add(Drilltraining_Trainingcourse_test.java:40)

add(com.auto.cases.drilltraining.Drilltraining_Trainingcourse_test)  Time elapsed: 0.029 sec  <<< FAILURE!
java.lang.NullPointerException
	at com.util.SeleniumUtil.isDisplayed(SeleniumUtil.java:464)
	at com.auto.business.drilltraining.Trainingcoursebusiness.add(Trainingcoursebusiness.java:43)
	at com.auto.cases.drilltraining.Drilltraining_Trainingcourse_test.add(Drilltraining_Trainingcourse_test.java:40)

add(com.auto.cases.drilltraining.Drilltraining_Trainingcourse_test)  Time elapsed: 0.029 sec  <<< FAILURE!
java.lang.NullPointerException
	at com.util.SeleniumUtil.isDisplayed(SeleniumUtil.java:464)
	at com.auto.business.drilltraining.Trainingcoursebusiness.add(Trainingcoursebusiness.java:43)
	at com.auto.cases.drilltraining.Drilltraining_Trainingcourse_test.add(Drilltraining_Trainingcourse_test.java:40)

delete(com.auto.cases.drilltraining.Drilltraining_Trainingcourse_test)  Time elapsed: 1.038 sec  <<< FAILURE!
java.lang.AssertionError: expected [确认要删除培训课程课程名称12吗？] but found [确认要删除培训课程系长吗？]
	at org.testng.Assert.fail(Assert.java:94)
	at org.testng.Assert.failNotEquals(Assert.java:494)
	at org.testng.Assert.assertEquals(Assert.java:123)
	at org.testng.Assert.assertEquals(Assert.java:176)
	at org.testng.Assert.assertEquals(Assert.java:186)
	at com.auto.cases.drilltraining.Drilltraining_Trainingcourse_test.delete(Drilltraining_Trainingcourse_test.java:78)

query(com.auto.cases.drilltraining.Drilltraining_Trainingcourse_test)  Time elapsed: 1.71 sec  <<< FAILURE!
java.lang.AssertionError: expected [true] but found [false]
	at org.testng.Assert.fail(Assert.java:94)
	at org.testng.Assert.failNotEquals(Assert.java:494)
	at org.testng.Assert.assertTrue(Assert.java:42)
	at org.testng.Assert.assertTrue(Assert.java:52)
	at com.auto.cases.drilltraining.Drilltraining_Trainingcourse_test.query(Drilltraining_Trainingcourse_test.java:59)

query(com.auto.cases.drilltraining.Drilltraining_Trainingcourse_test)  Time elapsed: 1.384 sec  <<< FAILURE!
java.lang.AssertionError: expected [true] but found [false]
	at org.testng.Assert.fail(Assert.java:94)
	at org.testng.Assert.failNotEquals(Assert.java:494)
	at org.testng.Assert.assertTrue(Assert.java:42)
	at org.testng.Assert.assertTrue(Assert.java:52)
	at com.auto.cases.drilltraining.Drilltraining_Trainingcourse_test.query(Drilltraining_Trainingcourse_test.java:59)

