<?xml version="1.0" encoding="utf-8" ?>
<!DOCTYPE html PUBLIC "-//W3C//DTD XHTML 1.0 Strict//EN"
        "http://www.w3.org/TR/xhtml1/DTD/xhtml1-strict.dtd">
<html xmlns="http://www.w3.org/1999/xhtml" xml:lang="" lang="">
<head>
  <title>Test Results Report - 演练培训_培训管理_培训课程</title>
  <meta http-equiv="Content-Type" content="text/html;charset=utf-8" />
  <meta name="description" content="TestNG unit test results." />
  <link href="reportng.css" rel="stylesheet" type="text/css" />
    <script type="text/javascript" src="reportng.js"></script>
</head>
<body>
<h1>演练培训_培训管理_培训课程</h1>
<p>
  Test duration: 32.143s
</p>



  <table class="resultsTable">
    <tr><th colspan="3" class="header failed">Failed Tests</th></tr>
          <tr>
        <td colspan="3" class="group">com.auto.cases.drilltraining.Drilltraining_Trainingcourse_test</td>
      </tr>
            
<tr>
  <td class="method">
                  add
      </td>
  <td class="duration">
    0.082s
  </td>
  <td class="result">
        
          <i>Method arguments: </i><span class="arguments">{flag=2, 课时=12, 课程名称=, 授课老师=张老师, 课程描述=应急管理, 预期结果=课程名称不能为空}</span><br />
    
            <div class="testOutput">
                        [2016_02_04_14_39_06_add] ,截图失败，原因：null<br />
                                &lt;img src=&quot;../../[2016_02_04_14_39_06_add] ,截图失败，原因：null&quot;/&gt;<br />
                  </div>
    

        <a href="javascript:toggleElement('exception-0', 'block')" title="Click to expand/collapse"><b>java.lang.NullPointerException</b></a><br />
    <div class="stackTrace" id="exception-0">
              com.util.SeleniumUtil.isDisplayed(SeleniumUtil.java:464)<br />
              com.auto.business.drilltraining.Trainingcoursebusiness.add(Trainingcoursebusiness.java:43)<br />
              com.auto.cases.drilltraining.Drilltraining_Trainingcourse_test.add(Drilltraining_Trainingcourse_test.java:40)<br />
              sun.reflect.NativeMethodAccessorImpl.invoke0(Native Method)<br />
              sun.reflect.NativeMethodAccessorImpl.invoke(NativeMethodAccessorImpl.java:57)<br />
              sun.reflect.DelegatingMethodAccessorImpl.invoke(DelegatingMethodAccessorImpl.java:43)<br />
              java.lang.reflect.Method.invoke(Method.java:601)<br />
              org.testng.internal.MethodInvocationHelper.invokeMethod(MethodInvocationHelper.java:84)<br />
              org.testng.internal.Invoker.invokeMethod(Invoker.java:714)<br />
              org.testng.internal.Invoker.invokeTestMethod(Invoker.java:901)<br />
              org.testng.internal.Invoker.invokeTestMethods(Invoker.java:1231)<br />
              org.testng.internal.TestMethodWorker.invokeTestMethods(TestMethodWorker.java:127)<br />
              org.testng.internal.TestMethodWorker.run(TestMethodWorker.java:111)<br />
              org.testng.TestRunner.privateRun(TestRunner.java:767)<br />
              org.testng.TestRunner.run(TestRunner.java:617)<br />
              org.testng.SuiteRunner.runTest(SuiteRunner.java:334)<br />
              org.testng.SuiteRunner.access$000(SuiteRunner.java:37)<br />
              org.testng.SuiteRunner$SuiteWorker.run(SuiteRunner.java:368)<br />
              org.testng.internal.thread.ThreadUtil$2.call(ThreadUtil.java:64)<br />
              java.util.concurrent.FutureTask$Sync.innerRun(FutureTask.java:334)<br />
              java.util.concurrent.FutureTask.run(FutureTask.java:166)<br />
              java.util.concurrent.ThreadPoolExecutor.runWorker(ThreadPoolExecutor.java:1145)<br />
              java.util.concurrent.ThreadPoolExecutor$Worker.run(ThreadPoolExecutor.java:615)<br />
              java.lang.Thread.run(Thread.java:722)<br />
                </div>
      </td>
</tr>
<tr>
  <td class="method">
                  add
      </td>
  <td class="duration">
    0.041s
  </td>
  <td class="result">
        
          <i>Method arguments: </i><span class="arguments">{flag=2, 课时=10, 课程名称=老师, 授课老师=, 课程描述=指挥调度, 预期结果=授课老师不能为空}</span><br />
    
            <div class="testOutput">
                        [2016_02_04_14_39_06_add] ,截图失败，原因：null<br />
                                &lt;img src=&quot;../../[2016_02_04_14_39_06_add] ,截图失败，原因：null&quot;/&gt;<br />
                  </div>
    

        <a href="javascript:toggleElement('exception-1', 'block')" title="Click to expand/collapse"><b>java.lang.NullPointerException</b></a><br />
    <div class="stackTrace" id="exception-1">
              com.util.SeleniumUtil.isDisplayed(SeleniumUtil.java:464)<br />
              com.auto.business.drilltraining.Trainingcoursebusiness.add(Trainingcoursebusiness.java:43)<br />
              com.auto.cases.drilltraining.Drilltraining_Trainingcourse_test.add(Drilltraining_Trainingcourse_test.java:40)<br />
              sun.reflect.NativeMethodAccessorImpl.invoke0(Native Method)<br />
              sun.reflect.NativeMethodAccessorImpl.invoke(NativeMethodAccessorImpl.java:57)<br />
              sun.reflect.DelegatingMethodAccessorImpl.invoke(DelegatingMethodAccessorImpl.java:43)<br />
              java.lang.reflect.Method.invoke(Method.java:601)<br />
              org.testng.internal.MethodInvocationHelper.invokeMethod(MethodInvocationHelper.java:84)<br />
              org.testng.internal.Invoker.invokeMethod(Invoker.java:714)<br />
              org.testng.internal.Invoker.invokeTestMethod(Invoker.java:901)<br />
              org.testng.internal.Invoker.invokeTestMethods(Invoker.java:1231)<br />
              org.testng.internal.TestMethodWorker.invokeTestMethods(TestMethodWorker.java:127)<br />
              org.testng.internal.TestMethodWorker.run(TestMethodWorker.java:111)<br />
              org.testng.TestRunner.privateRun(TestRunner.java:767)<br />
              org.testng.TestRunner.run(TestRunner.java:617)<br />
              org.testng.SuiteRunner.runTest(SuiteRunner.java:334)<br />
              org.testng.SuiteRunner.access$000(SuiteRunner.java:37)<br />
              org.testng.SuiteRunner$SuiteWorker.run(SuiteRunner.java:368)<br />
              org.testng.internal.thread.ThreadUtil$2.call(ThreadUtil.java:64)<br />
              java.util.concurrent.FutureTask$Sync.innerRun(FutureTask.java:334)<br />
              java.util.concurrent.FutureTask.run(FutureTask.java:166)<br />
              java.util.concurrent.ThreadPoolExecutor.runWorker(ThreadPoolExecutor.java:1145)<br />
              java.util.concurrent.ThreadPoolExecutor$Worker.run(ThreadPoolExecutor.java:615)<br />
              java.lang.Thread.run(Thread.java:722)<br />
                </div>
      </td>
</tr>
<tr>
  <td class="method">
                  add
      </td>
  <td class="duration">
    0.030s
  </td>
  <td class="result">
        
          <i>Method arguments: </i><span class="arguments">{flag=2, 课时=, 课程名称=老师, 授课老师=演练场景测试, 课程描述=培训设计, 预期结果=课时必须大于0}</span><br />
    
            <div class="testOutput">
                        [2016_02_04_14_39_06_add] ,截图失败，原因：null<br />
                                &lt;img src=&quot;../../[2016_02_04_14_39_06_add] ,截图失败，原因：null&quot;/&gt;<br />
                  </div>
    

        <a href="javascript:toggleElement('exception-2', 'block')" title="Click to expand/collapse"><b>java.lang.NullPointerException</b></a><br />
    <div class="stackTrace" id="exception-2">
              com.util.SeleniumUtil.isDisplayed(SeleniumUtil.java:464)<br />
              com.auto.business.drilltraining.Trainingcoursebusiness.add(Trainingcoursebusiness.java:43)<br />
              com.auto.cases.drilltraining.Drilltraining_Trainingcourse_test.add(Drilltraining_Trainingcourse_test.java:40)<br />
              sun.reflect.NativeMethodAccessorImpl.invoke0(Native Method)<br />
              sun.reflect.NativeMethodAccessorImpl.invoke(NativeMethodAccessorImpl.java:57)<br />
              sun.reflect.DelegatingMethodAccessorImpl.invoke(DelegatingMethodAccessorImpl.java:43)<br />
              java.lang.reflect.Method.invoke(Method.java:601)<br />
              org.testng.internal.MethodInvocationHelper.invokeMethod(MethodInvocationHelper.java:84)<br />
              org.testng.internal.Invoker.invokeMethod(Invoker.java:714)<br />
              org.testng.internal.Invoker.invokeTestMethod(Invoker.java:901)<br />
              org.testng.internal.Invoker.invokeTestMethods(Invoker.java:1231)<br />
              org.testng.internal.TestMethodWorker.invokeTestMethods(TestMethodWorker.java:127)<br />
              org.testng.internal.TestMethodWorker.run(TestMethodWorker.java:111)<br />
              org.testng.TestRunner.privateRun(TestRunner.java:767)<br />
              org.testng.TestRunner.run(TestRunner.java:617)<br />
              org.testng.SuiteRunner.runTest(SuiteRunner.java:334)<br />
              org.testng.SuiteRunner.access$000(SuiteRunner.java:37)<br />
              org.testng.SuiteRunner$SuiteWorker.run(SuiteRunner.java:368)<br />
              org.testng.internal.thread.ThreadUtil$2.call(ThreadUtil.java:64)<br />
              java.util.concurrent.FutureTask$Sync.innerRun(FutureTask.java:334)<br />
              java.util.concurrent.FutureTask.run(FutureTask.java:166)<br />
              java.util.concurrent.ThreadPoolExecutor.runWorker(ThreadPoolExecutor.java:1145)<br />
              java.util.concurrent.ThreadPoolExecutor$Worker.run(ThreadPoolExecutor.java:615)<br />
              java.lang.Thread.run(Thread.java:722)<br />
                </div>
      </td>
</tr>
<tr>
  <td class="method">
                  add
      </td>
  <td class="duration">
    0.029s
  </td>
  <td class="result">
        
          <i>Method arguments: </i><span class="arguments">{flag=2, 课时=12, 课程名称=火灾救援, 授课老师=演练场景测试, 课程描述=, 预期结果=课程描述不能为空}</span><br />
    
            <div class="testOutput">
                        [2016_02_04_14_39_06_add] ,截图失败，原因：null<br />
                                &lt;img src=&quot;../../[2016_02_04_14_39_06_add] ,截图失败，原因：null&quot;/&gt;<br />
                  </div>
    

        <a href="javascript:toggleElement('exception-3', 'block')" title="Click to expand/collapse"><b>java.lang.NullPointerException</b></a><br />
    <div class="stackTrace" id="exception-3">
              com.util.SeleniumUtil.isDisplayed(SeleniumUtil.java:464)<br />
              com.auto.business.drilltraining.Trainingcoursebusiness.add(Trainingcoursebusiness.java:43)<br />
              com.auto.cases.drilltraining.Drilltraining_Trainingcourse_test.add(Drilltraining_Trainingcourse_test.java:40)<br />
              sun.reflect.NativeMethodAccessorImpl.invoke0(Native Method)<br />
              sun.reflect.NativeMethodAccessorImpl.invoke(NativeMethodAccessorImpl.java:57)<br />
              sun.reflect.DelegatingMethodAccessorImpl.invoke(DelegatingMethodAccessorImpl.java:43)<br />
              java.lang.reflect.Method.invoke(Method.java:601)<br />
              org.testng.internal.MethodInvocationHelper.invokeMethod(MethodInvocationHelper.java:84)<br />
              org.testng.internal.Invoker.invokeMethod(Invoker.java:714)<br />
              org.testng.internal.Invoker.invokeTestMethod(Invoker.java:901)<br />
              org.testng.internal.Invoker.invokeTestMethods(Invoker.java:1231)<br />
              org.testng.internal.TestMethodWorker.invokeTestMethods(TestMethodWorker.java:127)<br />
              org.testng.internal.TestMethodWorker.run(TestMethodWorker.java:111)<br />
              org.testng.TestRunner.privateRun(TestRunner.java:767)<br />
              org.testng.TestRunner.run(TestRunner.java:617)<br />
              org.testng.SuiteRunner.runTest(SuiteRunner.java:334)<br />
              org.testng.SuiteRunner.access$000(SuiteRunner.java:37)<br />
              org.testng.SuiteRunner$SuiteWorker.run(SuiteRunner.java:368)<br />
              org.testng.internal.thread.ThreadUtil$2.call(ThreadUtil.java:64)<br />
              java.util.concurrent.FutureTask$Sync.innerRun(FutureTask.java:334)<br />
              java.util.concurrent.FutureTask.run(FutureTask.java:166)<br />
              java.util.concurrent.ThreadPoolExecutor.runWorker(ThreadPoolExecutor.java:1145)<br />
              java.util.concurrent.ThreadPoolExecutor$Worker.run(ThreadPoolExecutor.java:615)<br />
              java.lang.Thread.run(Thread.java:722)<br />
                </div>
      </td>
</tr>
<tr>
  <td class="method">
                  add
      </td>
  <td class="duration">
    0.029s
  </td>
  <td class="result">
        
          <i>Method arguments: </i><span class="arguments">{flag=1, 课时=100, 课程名称=课程名称12, 授课老师=演练场景测试, 课程描述=题库管理, 预期结果=增加成功}</span><br />
    
            <div class="testOutput">
                        [2016_02_04_14_39_06_add] ,截图失败，原因：null<br />
                                &lt;img src=&quot;../../[2016_02_04_14_39_06_add] ,截图失败，原因：null&quot;/&gt;<br />
                  </div>
    

        <a href="javascript:toggleElement('exception-4', 'block')" title="Click to expand/collapse"><b>java.lang.NullPointerException</b></a><br />
    <div class="stackTrace" id="exception-4">
              com.util.SeleniumUtil.isDisplayed(SeleniumUtil.java:464)<br />
              com.auto.business.drilltraining.Trainingcoursebusiness.add(Trainingcoursebusiness.java:43)<br />
              com.auto.cases.drilltraining.Drilltraining_Trainingcourse_test.add(Drilltraining_Trainingcourse_test.java:40)<br />
              sun.reflect.NativeMethodAccessorImpl.invoke0(Native Method)<br />
              sun.reflect.NativeMethodAccessorImpl.invoke(NativeMethodAccessorImpl.java:57)<br />
              sun.reflect.DelegatingMethodAccessorImpl.invoke(DelegatingMethodAccessorImpl.java:43)<br />
              java.lang.reflect.Method.invoke(Method.java:601)<br />
              org.testng.internal.MethodInvocationHelper.invokeMethod(MethodInvocationHelper.java:84)<br />
              org.testng.internal.Invoker.invokeMethod(Invoker.java:714)<br />
              org.testng.internal.Invoker.invokeTestMethod(Invoker.java:901)<br />
              org.testng.internal.Invoker.invokeTestMethods(Invoker.java:1231)<br />
              org.testng.internal.TestMethodWorker.invokeTestMethods(TestMethodWorker.java:127)<br />
              org.testng.internal.TestMethodWorker.run(TestMethodWorker.java:111)<br />
              org.testng.TestRunner.privateRun(TestRunner.java:767)<br />
              org.testng.TestRunner.run(TestRunner.java:617)<br />
              org.testng.SuiteRunner.runTest(SuiteRunner.java:334)<br />
              org.testng.SuiteRunner.access$000(SuiteRunner.java:37)<br />
              org.testng.SuiteRunner$SuiteWorker.run(SuiteRunner.java:368)<br />
              org.testng.internal.thread.ThreadUtil$2.call(ThreadUtil.java:64)<br />
              java.util.concurrent.FutureTask$Sync.innerRun(FutureTask.java:334)<br />
              java.util.concurrent.FutureTask.run(FutureTask.java:166)<br />
              java.util.concurrent.ThreadPoolExecutor.runWorker(ThreadPoolExecutor.java:1145)<br />
              java.util.concurrent.ThreadPoolExecutor$Worker.run(ThreadPoolExecutor.java:615)<br />
              java.lang.Thread.run(Thread.java:722)<br />
                </div>
      </td>
</tr>
<tr>
  <td class="method">
                  add
      </td>
  <td class="duration">
    0.029s
  </td>
  <td class="result">
        
          <i>Method arguments: </i><span class="arguments">{flag=1, 课时=12, 课程名称=课程名称12, 授课老师=演练场景测试, 课程描述=培训课程, 预期结果=增加成功}</span><br />
    
            <div class="testOutput">
                        [2016_02_04_14_39_06_add] ,截图失败，原因：null<br />
                                &lt;img src=&quot;../../[2016_02_04_14_39_06_add] ,截图失败，原因：null&quot;/&gt;<br />
                  </div>
    

        <a href="javascript:toggleElement('exception-5', 'block')" title="Click to expand/collapse"><b>java.lang.NullPointerException</b></a><br />
    <div class="stackTrace" id="exception-5">
              com.util.SeleniumUtil.isDisplayed(SeleniumUtil.java:464)<br />
              com.auto.business.drilltraining.Trainingcoursebusiness.add(Trainingcoursebusiness.java:43)<br />
              com.auto.cases.drilltraining.Drilltraining_Trainingcourse_test.add(Drilltraining_Trainingcourse_test.java:40)<br />
              sun.reflect.NativeMethodAccessorImpl.invoke0(Native Method)<br />
              sun.reflect.NativeMethodAccessorImpl.invoke(NativeMethodAccessorImpl.java:57)<br />
              sun.reflect.DelegatingMethodAccessorImpl.invoke(DelegatingMethodAccessorImpl.java:43)<br />
              java.lang.reflect.Method.invoke(Method.java:601)<br />
              org.testng.internal.MethodInvocationHelper.invokeMethod(MethodInvocationHelper.java:84)<br />
              org.testng.internal.Invoker.invokeMethod(Invoker.java:714)<br />
              org.testng.internal.Invoker.invokeTestMethod(Invoker.java:901)<br />
              org.testng.internal.Invoker.invokeTestMethods(Invoker.java:1231)<br />
              org.testng.internal.TestMethodWorker.invokeTestMethods(TestMethodWorker.java:127)<br />
              org.testng.internal.TestMethodWorker.run(TestMethodWorker.java:111)<br />
              org.testng.TestRunner.privateRun(TestRunner.java:767)<br />
              org.testng.TestRunner.run(TestRunner.java:617)<br />
              org.testng.SuiteRunner.runTest(SuiteRunner.java:334)<br />
              org.testng.SuiteRunner.access$000(SuiteRunner.java:37)<br />
              org.testng.SuiteRunner$SuiteWorker.run(SuiteRunner.java:368)<br />
              org.testng.internal.thread.ThreadUtil$2.call(ThreadUtil.java:64)<br />
              java.util.concurrent.FutureTask$Sync.innerRun(FutureTask.java:334)<br />
              java.util.concurrent.FutureTask.run(FutureTask.java:166)<br />
              java.util.concurrent.ThreadPoolExecutor.runWorker(ThreadPoolExecutor.java:1145)<br />
              java.util.concurrent.ThreadPoolExecutor$Worker.run(ThreadPoolExecutor.java:615)<br />
              java.lang.Thread.run(Thread.java:722)<br />
                </div>
      </td>
</tr>
<tr>
  <td class="method">
                  delete
      </td>
  <td class="duration">
    1.037s
  </td>
  <td class="result">
        
          <i>Method arguments: </i><span class="arguments">{删除行=10}</span><br />
    
            <div class="testOutput">
                        [2016_02_04_14_39_20_delete] ,截图失败，原因：null<br />
                                &lt;img src=&quot;../../[2016_02_04_14_39_20_delete] ,截图失败，原因：null&quot;/&gt;<br />
                  </div>
    

        <a href="javascript:toggleElement('exception-6', 'block')" title="Click to expand/collapse"><b>java.lang.AssertionError: expected [确认要删除培训课程课程名称12吗？] but found [确认要删除培训课程系长吗？]</b></a><br />
    <div class="stackTrace" id="exception-6">
              org.testng.Assert.fail(Assert.java:94)<br />
              org.testng.Assert.failNotEquals(Assert.java:494)<br />
              org.testng.Assert.assertEquals(Assert.java:123)<br />
              org.testng.Assert.assertEquals(Assert.java:176)<br />
              org.testng.Assert.assertEquals(Assert.java:186)<br />
              com.auto.cases.drilltraining.Drilltraining_Trainingcourse_test.delete(Drilltraining_Trainingcourse_test.java:78)<br />
              sun.reflect.NativeMethodAccessorImpl.invoke0(Native Method)<br />
              sun.reflect.NativeMethodAccessorImpl.invoke(NativeMethodAccessorImpl.java:57)<br />
              sun.reflect.DelegatingMethodAccessorImpl.invoke(DelegatingMethodAccessorImpl.java:43)<br />
              java.lang.reflect.Method.invoke(Method.java:601)<br />
              org.testng.internal.MethodInvocationHelper.invokeMethod(MethodInvocationHelper.java:84)<br />
              org.testng.internal.Invoker.invokeMethod(Invoker.java:714)<br />
              org.testng.internal.Invoker.invokeTestMethod(Invoker.java:901)<br />
              org.testng.internal.Invoker.invokeTestMethods(Invoker.java:1231)<br />
              org.testng.internal.TestMethodWorker.invokeTestMethods(TestMethodWorker.java:127)<br />
              org.testng.internal.TestMethodWorker.run(TestMethodWorker.java:111)<br />
              org.testng.TestRunner.privateRun(TestRunner.java:767)<br />
              org.testng.TestRunner.run(TestRunner.java:617)<br />
              org.testng.SuiteRunner.runTest(SuiteRunner.java:334)<br />
              org.testng.SuiteRunner.access$000(SuiteRunner.java:37)<br />
              org.testng.SuiteRunner$SuiteWorker.run(SuiteRunner.java:368)<br />
              org.testng.internal.thread.ThreadUtil$2.call(ThreadUtil.java:64)<br />
              java.util.concurrent.FutureTask$Sync.innerRun(FutureTask.java:334)<br />
              java.util.concurrent.FutureTask.run(FutureTask.java:166)<br />
              java.util.concurrent.ThreadPoolExecutor.runWorker(ThreadPoolExecutor.java:1145)<br />
              java.util.concurrent.ThreadPoolExecutor$Worker.run(ThreadPoolExecutor.java:615)<br />
              java.lang.Thread.run(Thread.java:722)<br />
                </div>
      </td>
</tr>
<tr>
  <td class="method">
                  query
      </td>
  <td class="duration">
    1.384s
  </td>
  <td class="result">
        
          <i>Method arguments: </i><span class="arguments">{授课类型=, 课程名称=课程名称, 授课老师=}</span><br />
    
            <div class="testOutput">
                        [2016_02_04_14_39_25_query] ,截图失败，原因：null<br />
                                &lt;img src=&quot;../../[2016_02_04_14_39_25_query] ,截图失败，原因：null&quot;/&gt;<br />
                  </div>
    

        <a href="javascript:toggleElement('exception-7', 'block')" title="Click to expand/collapse"><b>java.lang.AssertionError: expected [true] but found [false]</b></a><br />
    <div class="stackTrace" id="exception-7">
              org.testng.Assert.fail(Assert.java:94)<br />
              org.testng.Assert.failNotEquals(Assert.java:494)<br />
              org.testng.Assert.assertTrue(Assert.java:42)<br />
              org.testng.Assert.assertTrue(Assert.java:52)<br />
              com.auto.cases.drilltraining.Drilltraining_Trainingcourse_test.query(Drilltraining_Trainingcourse_test.java:59)<br />
              sun.reflect.NativeMethodAccessorImpl.invoke0(Native Method)<br />
              sun.reflect.NativeMethodAccessorImpl.invoke(NativeMethodAccessorImpl.java:57)<br />
              sun.reflect.DelegatingMethodAccessorImpl.invoke(DelegatingMethodAccessorImpl.java:43)<br />
              java.lang.reflect.Method.invoke(Method.java:601)<br />
              org.testng.internal.MethodInvocationHelper.invokeMethod(MethodInvocationHelper.java:84)<br />
              org.testng.internal.Invoker.invokeMethod(Invoker.java:714)<br />
              org.testng.internal.Invoker.invokeTestMethod(Invoker.java:901)<br />
              org.testng.internal.Invoker.invokeTestMethods(Invoker.java:1231)<br />
              org.testng.internal.TestMethodWorker.invokeTestMethods(TestMethodWorker.java:127)<br />
              org.testng.internal.TestMethodWorker.run(TestMethodWorker.java:111)<br />
              org.testng.TestRunner.privateRun(TestRunner.java:767)<br />
              org.testng.TestRunner.run(TestRunner.java:617)<br />
              org.testng.SuiteRunner.runTest(SuiteRunner.java:334)<br />
              org.testng.SuiteRunner.access$000(SuiteRunner.java:37)<br />
              org.testng.SuiteRunner$SuiteWorker.run(SuiteRunner.java:368)<br />
              org.testng.internal.thread.ThreadUtil$2.call(ThreadUtil.java:64)<br />
              java.util.concurrent.FutureTask$Sync.innerRun(FutureTask.java:334)<br />
              java.util.concurrent.FutureTask.run(FutureTask.java:166)<br />
              java.util.concurrent.ThreadPoolExecutor.runWorker(ThreadPoolExecutor.java:1145)<br />
              java.util.concurrent.ThreadPoolExecutor$Worker.run(ThreadPoolExecutor.java:615)<br />
              java.lang.Thread.run(Thread.java:722)<br />
                </div>
      </td>
</tr>
<tr>
  <td class="method">
                  query
      </td>
  <td class="duration">
    1.709s
  </td>
  <td class="result">
        
          <i>Method arguments: </i><span class="arguments">{授课类型=应急管理, 课程名称=课程名称, 授课老师=}</span><br />
    
            <div class="testOutput">
                        [2016_02_04_14_39_24_query] ,截图失败，原因：null<br />
                                &lt;img src=&quot;../../[2016_02_04_14_39_24_query] ,截图失败，原因：null&quot;/&gt;<br />
                  </div>
    

        <a href="javascript:toggleElement('exception-8', 'block')" title="Click to expand/collapse"><b>java.lang.AssertionError: expected [true] but found [false]</b></a><br />
    <div class="stackTrace" id="exception-8">
              org.testng.Assert.fail(Assert.java:94)<br />
              org.testng.Assert.failNotEquals(Assert.java:494)<br />
              org.testng.Assert.assertTrue(Assert.java:42)<br />
              org.testng.Assert.assertTrue(Assert.java:52)<br />
              com.auto.cases.drilltraining.Drilltraining_Trainingcourse_test.query(Drilltraining_Trainingcourse_test.java:59)<br />
              sun.reflect.NativeMethodAccessorImpl.invoke0(Native Method)<br />
              sun.reflect.NativeMethodAccessorImpl.invoke(NativeMethodAccessorImpl.java:57)<br />
              sun.reflect.DelegatingMethodAccessorImpl.invoke(DelegatingMethodAccessorImpl.java:43)<br />
              java.lang.reflect.Method.invoke(Method.java:601)<br />
              org.testng.internal.MethodInvocationHelper.invokeMethod(MethodInvocationHelper.java:84)<br />
              org.testng.internal.Invoker.invokeMethod(Invoker.java:714)<br />
              org.testng.internal.Invoker.invokeTestMethod(Invoker.java:901)<br />
              org.testng.internal.Invoker.invokeTestMethods(Invoker.java:1231)<br />
              org.testng.internal.TestMethodWorker.invokeTestMethods(TestMethodWorker.java:127)<br />
              org.testng.internal.TestMethodWorker.run(TestMethodWorker.java:111)<br />
              org.testng.TestRunner.privateRun(TestRunner.java:767)<br />
              org.testng.TestRunner.run(TestRunner.java:617)<br />
              org.testng.SuiteRunner.runTest(SuiteRunner.java:334)<br />
              org.testng.SuiteRunner.access$000(SuiteRunner.java:37)<br />
              org.testng.SuiteRunner$SuiteWorker.run(SuiteRunner.java:368)<br />
              org.testng.internal.thread.ThreadUtil$2.call(ThreadUtil.java:64)<br />
              java.util.concurrent.FutureTask$Sync.innerRun(FutureTask.java:334)<br />
              java.util.concurrent.FutureTask.run(FutureTask.java:166)<br />
              java.util.concurrent.ThreadPoolExecutor.runWorker(ThreadPoolExecutor.java:1145)<br />
              java.util.concurrent.ThreadPoolExecutor$Worker.run(ThreadPoolExecutor.java:615)<br />
              java.lang.Thread.run(Thread.java:722)<br />
                </div>
      </td>
</tr>
      </table>


  <table class="resultsTable">
    <tr><th colspan="3" class="header passed">Passed Tests</th></tr>
          <tr>
        <td colspan="3" class="group">com.auto.cases.drilltraining.Drilltraining_Trainingcourse_test</td>
      </tr>
            
<tr>
  <td class="method">
                  add
      </td>
  <td class="duration">
    12.513s
  </td>
  <td class="result">
        
          <i>Method arguments: </i><span class="arguments">{flag=1, 课时=100, 课程名称=课程名称12, 授课老师=演练场景测试, 课程描述=考试中心, 预期结果=增加成功}</span><br />
    
        

      </td>
</tr>
<tr>
  <td class="method">
                  query
      </td>
  <td class="duration">
    1.802s
  </td>
  <td class="result">
        
          <i>Method arguments: </i><span class="arguments">{授课类型=所有, 课程名称=公务员, 授课老师=}</span><br />
    
        

      </td>
</tr>
      </table>
  
</body>
</html>
